<?xml version="1.0" encoding="UTF-8"?>
<testsuite xmlns:xsi="http://www.w3.org/2001/XMLSchema-instance" xsi:noNamespaceSchemaLocation="https://maven.apache.org/surefire/maven-surefire-plugin/xsd/surefire-test-report-3.0.xsd" version="3.0" name="com.icesheet.visualization.model.DataModelTests" time="0.038" tests="6" errors="0" skipped="0" failures="0">
  <properties>
[...]
</properties>
  <testcase name="testVisualizationTypeEnum" classname="com.icesheet.visualization.model.DataModelTests" time="0.008"/>
  <testcase name="testIceSheetTypeEnum" classname="com.icesheet.visualization.model.DataModelTests" time="0.001"/>
  <testcase name="testGetBaseDataMethod" classname="com.icesheet.visualization.model.DataModelTests" time="0.001"/>
  <testcase name="testGetBaseDataWithInvalidType" classname="com.icesheet.visualization.model.DataModelTests" time="0.014"/>
  <testcase name="testTimePeriodEnum" classname="com.icesheet.visualization.model.DataModelTests" time="0.003"/>
  <testcase name="testIceSheetBaseDataConstants" classname="com.icesheet.visualization.model.DataModelTests" time="0.002"/>
</testsuite>