<?xml version="1.0" encoding="UTF-8"?>
<testsuite xmlns:xsi="http://www.w3.org/2001/XMLSchema-instance" xsi:noNamespaceSchemaLocation="https://maven.apache.org/surefire/maven-surefire-plugin/xsd/surefire-test-report-3.0.xsd" version="3.0" name="com.icesheet.visualization.service.ConcurrentRequestTest" time="1.354" tests="6" errors="0" skipped="0" failures="0">
  <properties>
[...]
</properties>
  <testcase name="testConcurrentDataServiceAccess" classname="com.icesheet.visualization.service.ConcurrentRequestTest" time="0.012">
    <system-out><![CDATA[
  .   ____          _            __ _ _
 /\\ / ___'_ __ _ _(_)_ __  __ _ \ \ \ \
( ( )\___ | '_ | '_| | '_ \/ _` | \ \ \ \
 \\/  ___)| |_)| | | | | || (_| |  ) ) ) )
  '  |____| .__|_| |_|_| |_\__, | / / / /
 =========|_|==============|___/=/_/_/_/
 :: Spring Boot ::                (v2.7.0)

2026-01-25 02:50:48.659  INFO 33488 --- [           main] c.i.v.service.ConcurrentRequestTest      : Starting ConcurrentRequestTest using Java 11.0.29 on YogaJaiswal with PID 33488 (started by shish in C:\Vivaan\programming\Vibecoding\CodeTheMeltSchoolProject\CodeTheMelt\backend)
2026-01-25 02:50:48.659  INFO 33488 --- [           main] c.i.v.service.ConcurrentRequestTest      : No active profile set, falling back to 1 default profile: "default"
2026-01-25 02:50:49.473  INFO 33488 --- [           main] c.i.v.service.ConcurrentRequestTest      : Started ConcurrentRequestTest in 0.885 seconds (JVM running for 8.64)
]]></system-out>
  </testcase>
  <testcase name="testMixedConcurrentOperations" classname="com.icesheet.visualization.service.ConcurrentRequestTest" time="0.075">
    <system-out><![CDATA[2026-01-25 02:50:49.524  WARN 33488 --- [pool-7-thread-2] c.i.v.service.StatisticsCalculator       : Mass loss (1.3762521691200001E9) exceeds initial size (4380000.0), result will be negative
2026-01-25 02:50:49.525  WARN 33488 --- [pool-7-thread-4] c.i.v.service.StatisticsCalculator       : Mass loss (1.3762521691200001E9) exceeds initial size (4380000.0), result will be negative
2026-01-25 02:50:49.528  WARN 33488 --- [pool-7-thread-5] c.i.v.service.StatisticsCalculator       : Mass loss (8.5141534872960005E9) exceeds initial size (1.4E7), result will be negative
2026-01-25 02:50:49.528  WARN 33488 --- [pool-7-thread-3] c.i.v.service.StatisticsCalculator       : Mass loss (8.5141534872960005E9) exceeds initial size (1.4E7), result will be negative
2026-01-25 02:50:49.528  WARN 33488 --- [pool-7-thread-1] c.i.v.service.StatisticsCalculator       : Mass loss (8.5141534872960005E9) exceeds initial size (1.4E7), result will be negative
2026-01-25 02:50:49.528  WARN 33488 --- [pool-7-thread-2] c.i.v.service.StatisticsCalculator       : Mass loss (1.37625216912E10) exceeds initial size (4380000.0), result will be negative
2026-01-25 02:50:49.529  WARN 33488 --- [pool-7-thread-6] c.i.v.service.StatisticsCalculator       : Mass loss (1.3762521691200001E9) exceeds initial size (4380000.0), result will be negative
2026-01-25 02:50:49.530  WARN 33488 --- [pool-7-thread-4] c.i.v.service.StatisticsCalculator       : Mass loss (1.37625216912E10) exceeds initial size (4380000.0), result will be negative
2026-01-25 02:50:49.531  WARN 33488 --- [pool-7-thread-5] c.i.v.service.StatisticsCalculator       : Mass loss (8.514153487296E10) exceeds initial size (1.4E7), result will be negative
2026-01-25 02:50:49.532  WARN 33488 --- [pool-7-thread-1] c.i.v.service.StatisticsCalculator       : Mass loss (8.514153487296E10) exceeds initial size (1.4E7), result will be negative
2026-01-25 02:50:49.534  WARN 33488 --- [pool-7-thread-2] c.i.v.service.StatisticsCalculator       : Mass loss (1.37625216912E8) exceeds initial size (4380000.0), result will be negative
2026-01-25 02:50:49.534  WARN 33488 --- [pool-7-thread-5] c.i.v.service.StatisticsCalculator       : Mass loss (8.514153487296E8) exceeds initial size (1.4E7), result will be negative
2026-01-25 02:50:49.534  WARN 33488 --- [pool-7-thread-5] c.i.v.service.StatisticsCalculator       : Mass loss (8.5141534872960005E9) exceeds initial size (1.4E7), result will be negative
2026-01-25 02:50:49.536  WARN 33488 --- [pool-7-thread-4] c.i.v.service.StatisticsCalculator       : Mass loss (1.37625216912E8) exceeds initial size (4380000.0), result will be negative
2026-01-25 02:50:49.536  WARN 33488 --- [pool-7-thread-3] c.i.v.service.StatisticsCalculator       : Mass loss (8.514153487296E10) exceeds initial size (1.4E7), result will be negative
2026-01-25 02:50:49.536  WARN 33488 --- [pool-7-thread-1] c.i.v.service.StatisticsCalculator       : Mass loss (8.514153487296E8) exceeds initial size (1.4E7), result will be negative
2026-01-25 02:50:49.536  WARN 33488 --- [pool-7-thread-6] c.i.v.service.StatisticsCalculator       : Mass loss (1.37625216912E10) exceeds initial size (4380000.0), result will be negative
2026-01-25 02:50:49.537  WARN 33488 --- [pool-7-thread-1] c.i.v.service.StatisticsCalculator       : Mass loss (8.5141534872960005E9) exceeds initial size (1.4E7), result will be negative
2026-01-25 02:50:49.539  WARN 33488 --- [pool-7-thread-4] c.i.v.service.StatisticsCalculator       : Mass loss (1.3762521691200001E9) exceeds initial size (4380000.0), result will be negative
2026-01-25 02:50:49.540  WARN 33488 --- [pool-7-thread-5] c.i.v.service.StatisticsCalculator       : Mass loss (8.514153487296E10) exceeds initial size (1.4E7), result will be negative
2026-01-25 02:50:49.540  WARN 33488 --- [pool-7-thread-6] c.i.v.service.StatisticsCalculator       : Mass loss (1.37625216912E8) exceeds initial size (4380000.0), result will be negative
2026-01-25 02:50:49.541  WARN 33488 --- [pool-7-thread-3] c.i.v.service.StatisticsCalculator       : Mass loss (8.514153487296E8) exceeds initial size (1.4E7), result will be negative
2026-01-25 02:50:49.541  WARN 33488 --- [pool-7-thread-1] c.i.v.service.StatisticsCalculator       : Mass loss (8.514153487296E10) exceeds initial size (1.4E7), result will be negative
2026-01-25 02:50:49.542  WARN 33488 --- [pool-7-thread-2] c.i.v.service.StatisticsCalculator       : Mass loss (1.3762521691200001E9) exceeds initial size (4380000.0), result will be negative
2026-01-25 02:50:49.543  WARN 33488 --- [pool-7-thread-6] c.i.v.service.StatisticsCalculator       : Mass loss (1.3762521691200001E9) exceeds initial size (4380000.0), result will be negative
2026-01-25 02:50:49.545  WARN 33488 --- [pool-7-thread-5] c.i.v.service.StatisticsCalculator       : Mass loss (8.514153487296E8) exceeds initial size (1.4E7), result will be negative
2026-01-25 02:50:49.546  WARN 33488 --- [pool-7-thread-4] c.i.v.service.StatisticsCalculator       : Mass loss (1.37625216912E10) exceeds initial size (4380000.0), result will be negative
2026-01-25 02:50:49.547  WARN 33488 --- [pool-7-thread-1] c.i.v.service.StatisticsCalculator       : Mass loss (8.514153487296E8) exceeds initial size (1.4E7), result will be negative
2026-01-25 02:50:49.548  WARN 33488 --- [pool-7-thread-2] c.i.v.service.StatisticsCalculator       : Mass loss (1.37625216912E10) exceeds initial size (4380000.0), result will be negative
2026-01-25 02:50:49.549  WARN 33488 --- [pool-7-thread-3] c.i.v.service.StatisticsCalculator       : Mass loss (8.5141534872960005E9) exceeds initial size (1.4E7), result will be negative
2026-01-25 02:50:49.549  WARN 33488 --- [pool-7-thread-3] c.i.v.service.StatisticsCalculator       : Mass loss (8.514153487296E10) exceeds initial size (1.4E7), result will be negative
2026-01-25 02:50:49.549  WARN 33488 --- [pool-7-thread-3] c.i.v.service.StatisticsCalculator       : Mass loss (8.514153487296E8) exceeds initial size (1.4E7), result will be negative
2026-01-25 02:50:49.550  WARN 33488 --- [pool-7-thread-6] c.i.v.service.StatisticsCalculator       : Mass loss (1.37625216912E10) exceeds initial size (4380000.0), result will be negative
2026-01-25 02:50:49.552  WARN 33488 --- [pool-7-thread-1] c.i.v.service.StatisticsCalculator       : Mass loss (8.5141534872960005E9) exceeds initial size (1.4E7), result will be negative
2026-01-25 02:50:49.552  WARN 33488 --- [pool-7-thread-3] c.i.v.service.StatisticsCalculator       : Mass loss (8.5141534872960005E9) exceeds initial size (1.4E7), result will be negative
2026-01-25 02:50:49.553  WARN 33488 --- [pool-7-thread-5] c.i.v.service.StatisticsCalculator       : Mass loss (8.5141534872960005E9) exceeds initial size (1.4E7), result will be negative
2026-01-25 02:50:49.554  WARN 33488 --- [pool-7-thread-3] c.i.v.service.StatisticsCalculator       : Mass loss (8.514153487296E10) exceeds initial size (1.4E7), result will be negative
2026-01-25 02:50:49.555  WARN 33488 --- [pool-7-thread-6] c.i.v.service.StatisticsCalculator       : Mass loss (1.37625216912E8) exceeds initial size (4380000.0), result will be negative
2026-01-25 02:50:49.555  WARN 33488 --- [pool-7-thread-4] c.i.v.service.StatisticsCalculator       : Mass loss (1.37625216912E8) exceeds initial size (4380000.0), result will be negative
2026-01-25 02:50:49.556  WARN 33488 --- [pool-7-thread-1] c.i.v.service.StatisticsCalculator       : Mass loss (8.514153487296E10) exceeds initial size (1.4E7), result will be negative
2026-01-25 02:50:49.556  WARN 33488 --- [pool-7-thread-2] c.i.v.service.StatisticsCalculator       : Mass loss (1.37625216912E8) exceeds initial size (4380000.0), result will be negative
2026-01-25 02:50:49.557  WARN 33488 --- [pool-7-thread-3] c.i.v.service.StatisticsCalculator       : Mass loss (8.514153487296E8) exceeds initial size (1.4E7), result will be negative
2026-01-25 02:50:49.557  WARN 33488 --- [pool-7-thread-6] c.i.v.service.StatisticsCalculator       : Mass loss (1.3762521691200001E9) exceeds initial size (4380000.0), result will be negative
2026-01-25 02:50:49.560  WARN 33488 --- [pool-7-thread-3] c.i.v.service.StatisticsCalculator       : Mass loss (8.5141534872960005E9) exceeds initial size (1.4E7), result will be negative
2026-01-25 02:50:49.560  WARN 33488 --- [pool-7-thread-2] c.i.v.service.StatisticsCalculator       : Mass loss (1.3762521691200001E9) exceeds initial size (4380000.0), result will be negative
2026-01-25 02:50:49.561  WARN 33488 --- [pool-7-thread-5] c.i.v.service.StatisticsCalculator       : Mass loss (8.514153487296E10) exceeds initial size (1.4E7), result will be negative
2026-01-25 02:50:49.563  WARN 33488 --- [pool-7-thread-4] c.i.v.service.StatisticsCalculator       : Mass loss (1.3762521691200001E9) exceeds initial size (4380000.0), result will be negative
2026-01-25 02:50:49.564  WARN 33488 --- [pool-7-thread-6] c.i.v.service.StatisticsCalculator       : Mass loss (1.37625216912E10) exceeds initial size (4380000.0), result will be negative
2026-01-25 02:50:49.564  WARN 33488 --- [pool-7-thread-5] c.i.v.service.StatisticsCalculator       : Mass loss (8.514153487296E8) exceeds initial size (1.4E7), result will be negative
2026-01-25 02:50:49.564  WARN 33488 --- [pool-7-thread-1] c.i.v.service.StatisticsCalculator       : Mass loss (8.514153487296E8) exceeds initial size (1.4E7), result will be negative
2026-01-25 02:50:49.564  WARN 33488 --- [pool-7-thread-4] c.i.v.service.StatisticsCalculator       : Mass loss (1.37625216912E10) exceeds initial size (4380000.0), result will be negative
2026-01-25 02:50:49.567  WARN 33488 --- [pool-7-thread-2] c.i.v.service.StatisticsCalculator       : Mass loss (1.37625216912E10) exceeds initial size (4380000.0), result will be negative
2026-01-25 02:50:49.567  WARN 33488 --- [pool-7-thread-4] c.i.v.service.StatisticsCalculator       : Mass loss (1.37625216912E8) exceeds initial size (4380000.0), result will be negative
2026-01-25 02:50:49.569  WARN 33488 --- [pool-7-thread-5] c.i.v.service.StatisticsCalculator       : Mass loss (8.5141534872960005E9) exceeds initial size (1.4E7), result will be negative
2026-01-25 02:50:49.570  WARN 33488 --- [pool-7-thread-1] c.i.v.service.StatisticsCalculator       : Mass loss (8.5141534872960005E9) exceeds initial size (1.4E7), result will be negative
2026-01-25 02:50:49.570  WARN 33488 --- [pool-7-thread-6] c.i.v.service.StatisticsCalculator       : Mass loss (1.37625216912E8) exceeds initial size (4380000.0), result will be negative
2026-01-25 02:50:49.572  WARN 33488 --- [pool-7-thread-6] c.i.v.service.StatisticsCalculator       : Mass loss (1.3762521691200001E9) exceeds initial size (4380000.0), result will be negative
2026-01-25 02:50:49.575  WARN 33488 --- [pool-7-thread-4] c.i.v.service.StatisticsCalculator       : Mass loss (1.3762521691200001E9) exceeds initial size (4380000.0), result will be negative
2026-01-25 02:50:49.575  WARN 33488 --- [pool-7-thread-2] c.i.v.service.StatisticsCalculator       : Mass loss (1.37625216912E8) exceeds initial size (4380000.0), result will be negative
2026-01-25 02:50:49.576  WARN 33488 --- [pool-7-thread-2] c.i.v.service.StatisticsCalculator       : Mass loss (1.3762521691200001E9) exceeds initial size (4380000.0), result will be negative
]]></system-out>
  </testcase>
  <testcase name="testMixedConcurrentOperations" classname="com.icesheet.visualization.service.ConcurrentRequestTest" time="0.06">
    <system-out><![CDATA[2026-01-25 02:50:49.601  WARN 33488 --- [pool-8-thread-2] c.i.v.service.StatisticsCalculator       : Mass loss (1.3762521691200001E9) exceeds initial size (4380000.0), result will be negative
2026-01-25 02:50:49.603  WARN 33488 --- [pool-8-thread-6] c.i.v.service.StatisticsCalculator       : Mass loss (1.3762521691200001E9) exceeds initial size (4380000.0), result will be negative
2026-01-25 02:50:49.604  WARN 33488 --- [pool-8-thread-3] c.i.v.service.StatisticsCalculator       : Mass loss (8.5141534872960005E9) exceeds initial size (1.4E7), result will be negative
2026-01-25 02:50:49.605  WARN 33488 --- [pool-8-thread-4] c.i.v.service.StatisticsCalculator       : Mass loss (1.3762521691200001E9) exceeds initial size (4380000.0), result will be negative
2026-01-25 02:50:49.605  WARN 33488 --- [pool-8-thread-2] c.i.v.service.StatisticsCalculator       : Mass loss (1.37625216912E10) exceeds initial size (4380000.0), result will be negative
2026-01-25 02:50:49.605  WARN 33488 --- [pool-8-thread-1] c.i.v.service.StatisticsCalculator       : Mass loss (8.5141534872960005E9) exceeds initial size (1.4E7), result will be negative
2026-01-25 02:50:49.605  WARN 33488 --- [pool-8-thread-5] c.i.v.service.StatisticsCalculator       : Mass loss (8.5141534872960005E9) exceeds initial size (1.4E7), result will be negative
2026-01-25 02:50:49.607  WARN 33488 --- [pool-8-thread-4] c.i.v.service.StatisticsCalculator       : Mass loss (1.37625216912E10) exceeds initial size (4380000.0), result will be negative
2026-01-25 02:50:49.607  WARN 33488 --- [pool-8-thread-3] c.i.v.service.StatisticsCalculator       : Mass loss (8.514153487296E10) exceeds initial size (1.4E7), result will be negative
2026-01-25 02:50:49.607  WARN 33488 --- [pool-8-thread-1] c.i.v.service.StatisticsCalculator       : Mass loss (8.514153487296E10) exceeds initial size (1.4E7), result will be negative
2026-01-25 02:50:49.609  WARN 33488 --- [pool-8-thread-5] c.i.v.service.StatisticsCalculator       : Mass loss (8.514153487296E10) exceeds initial size (1.4E7), result will be negative
2026-01-25 02:50:49.610  WARN 33488 --- [pool-8-thread-6] c.i.v.service.StatisticsCalculator       : Mass loss (1.37625216912E10) exceeds initial size (4380000.0), result will be negative
2026-01-25 02:50:49.612  WARN 33488 --- [pool-8-thread-4] c.i.v.service.StatisticsCalculator       : Mass loss (1.37625216912E8) exceeds initial size (4380000.0), result will be negative
2026-01-25 02:50:49.612  WARN 33488 --- [pool-8-thread-3] c.i.v.service.StatisticsCalculator       : Mass loss (8.514153487296E8) exceeds initial size (1.4E7), result will be negative
2026-01-25 02:50:49.612  WARN 33488 --- [pool-8-thread-2] c.i.v.service.StatisticsCalculator       : Mass loss (1.37625216912E8) exceeds initial size (4380000.0), result will be negative
2026-01-25 02:50:49.612  WARN 33488 --- [pool-8-thread-1] c.i.v.service.StatisticsCalculator       : Mass loss (8.514153487296E8) exceeds initial size (1.4E7), result will be negative
2026-01-25 02:50:49.614  WARN 33488 --- [pool-8-thread-6] c.i.v.service.StatisticsCalculator       : Mass loss (1.37625216912E8) exceeds initial size (4380000.0), result will be negative
2026-01-25 02:50:49.614  WARN 33488 --- [pool-8-thread-3] c.i.v.service.StatisticsCalculator       : Mass loss (8.5141534872960005E9) exceeds initial size (1.4E7), result will be negative
2026-01-25 02:50:49.614  WARN 33488 --- [pool-8-thread-5] c.i.v.service.StatisticsCalculator       : Mass loss (8.514153487296E8) exceeds initial size (1.4E7), result will be negative
2026-01-25 02:50:49.616  WARN 33488 --- [pool-8-thread-1] c.i.v.service.StatisticsCalculator       : Mass loss (8.5141534872960005E9) exceeds initial size (1.4E7), result will be negative
2026-01-25 02:50:49.617  WARN 33488 --- [pool-8-thread-5] c.i.v.service.StatisticsCalculator       : Mass loss (8.5141534872960005E9) exceeds initial size (1.4E7), result will be negative
2026-01-25 02:50:49.617  WARN 33488 --- [pool-8-thread-4] c.i.v.service.StatisticsCalculator       : Mass loss (1.3762521691200001E9) exceeds initial size (4380000.0), result will be negative
2026-01-25 02:50:49.617  WARN 33488 --- [pool-8-thread-1] c.i.v.service.StatisticsCalculator       : Mass loss (8.514153487296E10) exceeds initial size (1.4E7), result will be negative
2026-01-25 02:50:49.617  WARN 33488 --- [pool-8-thread-3] c.i.v.service.StatisticsCalculator       : Mass loss (8.514153487296E10) exceeds initial size (1.4E7), result will be negative
2026-01-25 02:50:49.618  WARN 33488 --- [pool-8-thread-2] c.i.v.service.StatisticsCalculator       : Mass loss (1.3762521691200001E9) exceeds initial size (4380000.0), result will be negative
2026-01-25 02:50:49.620  WARN 33488 --- [pool-8-thread-3] c.i.v.service.StatisticsCalculator       : Mass loss (8.514153487296E8) exceeds initial size (1.4E7), result will be negative
2026-01-25 02:50:49.621  WARN 33488 --- [pool-8-thread-6] c.i.v.service.StatisticsCalculator       : Mass loss (1.3762521691200001E9) exceeds initial size (4380000.0), result will be negative
2026-01-25 02:50:49.622  WARN 33488 --- [pool-8-thread-5] c.i.v.service.StatisticsCalculator       : Mass loss (8.514153487296E10) exceeds initial size (1.4E7), result will be negative
2026-01-25 02:50:49.624  WARN 33488 --- [pool-8-thread-4] c.i.v.service.StatisticsCalculator       : Mass loss (1.37625216912E10) exceeds initial size (4380000.0), result will be negative
2026-01-25 02:50:49.625  WARN 33488 --- [pool-8-thread-1] c.i.v.service.StatisticsCalculator       : Mass loss (8.514153487296E8) exceeds initial size (1.4E7), result will be negative
2026-01-25 02:50:49.626  WARN 33488 --- [pool-8-thread-2] c.i.v.service.StatisticsCalculator       : Mass loss (1.37625216912E10) exceeds initial size (4380000.0), result will be negative
2026-01-25 02:50:49.627  WARN 33488 --- [pool-8-thread-2] c.i.v.service.StatisticsCalculator       : Mass loss (1.37625216912E8) exceeds initial size (4380000.0), result will be negative
2026-01-25 02:50:49.627  WARN 33488 --- [pool-8-thread-3] c.i.v.service.StatisticsCalculator       : Mass loss (8.5141534872960005E9) exceeds initial size (1.4E7), result will be negative
2026-01-25 02:50:49.628  WARN 33488 --- [pool-8-thread-6] c.i.v.service.StatisticsCalculator       : Mass loss (1.37625216912E10) exceeds initial size (4380000.0), result will be negative
2026-01-25 02:50:49.628  WARN 33488 --- [pool-8-thread-5] c.i.v.service.StatisticsCalculator       : Mass loss (8.514153487296E8) exceeds initial size (1.4E7), result will be negative
2026-01-25 02:50:49.629  WARN 33488 --- [pool-8-thread-4] c.i.v.service.StatisticsCalculator       : Mass loss (1.37625216912E8) exceeds initial size (4380000.0), result will be negative
2026-01-25 02:50:49.631  WARN 33488 --- [pool-8-thread-3] c.i.v.service.StatisticsCalculator       : Mass loss (8.514153487296E10) exceeds initial size (1.4E7), result will be negative
2026-01-25 02:50:49.631  WARN 33488 --- [pool-8-thread-4] c.i.v.service.StatisticsCalculator       : Mass loss (1.3762521691200001E9) exceeds initial size (4380000.0), result will be negative
2026-01-25 02:50:49.631  WARN 33488 --- [pool-8-thread-1] c.i.v.service.StatisticsCalculator       : Mass loss (8.5141534872960005E9) exceeds initial size (1.4E7), result will be negative
2026-01-25 02:50:49.631  WARN 33488 --- [pool-8-thread-2] c.i.v.service.StatisticsCalculator       : Mass loss (1.3762521691200001E9) exceeds initial size (4380000.0), result will be negative
2026-01-25 02:50:49.631  WARN 33488 --- [pool-8-thread-6] c.i.v.service.StatisticsCalculator       : Mass loss (1.37625216912E8) exceeds initial size (4380000.0), result will be negative
2026-01-25 02:50:49.631  WARN 33488 --- [pool-8-thread-3] c.i.v.service.StatisticsCalculator       : Mass loss (8.514153487296E8) exceeds initial size (1.4E7), result will be negative
2026-01-25 02:50:49.631  WARN 33488 --- [pool-8-thread-6] c.i.v.service.StatisticsCalculator       : Mass loss (1.3762521691200001E9) exceeds initial size (4380000.0), result will be negative
2026-01-25 02:50:49.633  WARN 33488 --- [pool-8-thread-2] c.i.v.service.StatisticsCalculator       : Mass loss (1.37625216912E10) exceeds initial size (4380000.0), result will be negative
2026-01-25 02:50:49.634  WARN 33488 --- [pool-8-thread-3] c.i.v.service.StatisticsCalculator       : Mass loss (8.5141534872960005E9) exceeds initial size (1.4E7), result will be negative
2026-01-25 02:50:49.636  WARN 33488 --- [pool-8-thread-5] c.i.v.service.StatisticsCalculator       : Mass loss (8.5141534872960005E9) exceeds initial size (1.4E7), result will be negative
2026-01-25 02:50:49.638  WARN 33488 --- [pool-8-thread-1] c.i.v.service.StatisticsCalculator       : Mass loss (8.514153487296E10) exceeds initial size (1.4E7), result will be negative
2026-01-25 02:50:49.638  WARN 33488 --- [pool-8-thread-2] c.i.v.service.StatisticsCalculator       : Mass loss (1.37625216912E8) exceeds initial size (4380000.0), result will be negative
2026-01-25 02:50:49.639  WARN 33488 --- [pool-8-thread-6] c.i.v.service.StatisticsCalculator       : Mass loss (1.37625216912E10) exceeds initial size (4380000.0), result will be negative
2026-01-25 02:50:49.639  WARN 33488 --- [pool-8-thread-4] c.i.v.service.StatisticsCalculator       : Mass loss (1.37625216912E10) exceeds initial size (4380000.0), result will be negative
2026-01-25 02:50:49.639  WARN 33488 --- [pool-8-thread-1] c.i.v.service.StatisticsCalculator       : Mass loss (8.514153487296E8) exceeds initial size (1.4E7), result will be negative
2026-01-25 02:50:49.639  WARN 33488 --- [pool-8-thread-4] c.i.v.service.StatisticsCalculator       : Mass loss (1.37625216912E8) exceeds initial size (4380000.0), result will be negative
2026-01-25 02:50:49.640  WARN 33488 --- [pool-8-thread-5] c.i.v.service.StatisticsCalculator       : Mass loss (8.514153487296E10) exceeds initial size (1.4E7), result will be negative
2026-01-25 02:50:49.641  WARN 33488 --- [pool-8-thread-1] c.i.v.service.StatisticsCalculator       : Mass loss (8.5141534872960005E9) exceeds initial size (1.4E7), result will be negative
2026-01-25 02:50:49.642  WARN 33488 --- [pool-8-thread-5] c.i.v.service.StatisticsCalculator       : Mass loss (8.514153487296E8) exceeds initial size (1.4E7), result will be negative
2026-01-25 02:50:49.644  WARN 33488 --- [pool-8-thread-4] c.i.v.service.StatisticsCalculator       : Mass loss (1.3762521691200001E9) exceeds initial size (4380000.0), result will be negative
2026-01-25 02:50:49.644  WARN 33488 --- [pool-8-thread-5] c.i.v.service.StatisticsCalculator       : Mass loss (8.5141534872960005E9) exceeds initial size (1.4E7), result will be negative
2026-01-25 02:50:49.644  WARN 33488 --- [pool-8-thread-2] c.i.v.service.StatisticsCalculator       : Mass loss (1.3762521691200001E9) exceeds initial size (4380000.0), result will be negative
2026-01-25 02:50:49.645  WARN 33488 --- [pool-8-thread-6] c.i.v.service.StatisticsCalculator       : Mass loss (1.37625216912E8) exceeds initial size (4380000.0), result will be negative
2026-01-25 02:50:49.650  WARN 33488 --- [pool-8-thread-6] c.i.v.service.StatisticsCalculator       : Mass loss (1.3762521691200001E9) exceeds initial size (4380000.0), result will be negative
]]></system-out>
  </testcase>
  <testcase name="testMixedConcurrentOperations" classname="com.icesheet.visualization.service.ConcurrentRequestTest" time="0.065">
    <system-out><![CDATA[2026-01-25 02:50:49.662  WARN 33488 --- [pool-9-thread-1] c.i.v.service.StatisticsCalculator       : Mass loss (8.5141534872960005E9) exceeds initial size (1.4E7), result will be negative
2026-01-25 02:50:49.663  WARN 33488 --- [pool-9-thread-3] c.i.v.service.StatisticsCalculator       : Mass loss (8.5141534872960005E9) exceeds initial size (1.4E7), result will be negative
2026-01-25 02:50:49.663  WARN 33488 --- [pool-9-thread-2] c.i.v.service.StatisticsCalculator       : Mass loss (1.3762521691200001E9) exceeds initial size (4380000.0), result will be negative
2026-01-25 02:50:49.665  WARN 33488 --- [pool-9-thread-6] c.i.v.service.StatisticsCalculator       : Mass loss (1.3762521691200001E9) exceeds initial size (4380000.0), result will be negative
2026-01-25 02:50:49.667  WARN 33488 --- [pool-9-thread-1] c.i.v.service.StatisticsCalculator       : Mass loss (8.514153487296E10) exceeds initial size (1.4E7), result will be negative
2026-01-25 02:50:49.667  WARN 33488 --- [pool-9-thread-4] c.i.v.service.StatisticsCalculator       : Mass loss (1.3762521691200001E9) exceeds initial size (4380000.0), result will be negative
2026-01-25 02:50:49.667  WARN 33488 --- [pool-9-thread-2] c.i.v.service.StatisticsCalculator       : Mass loss (1.37625216912E10) exceeds initial size (4380000.0), result will be negative
2026-01-25 02:50:49.668  WARN 33488 --- [pool-9-thread-5] c.i.v.service.StatisticsCalculator       : Mass loss (8.5141534872960005E9) exceeds initial size (1.4E7), result will be negative
2026-01-25 02:50:49.669  WARN 33488 --- [pool-9-thread-5] c.i.v.service.StatisticsCalculator       : Mass loss (8.514153487296E10) exceeds initial size (1.4E7), result will be negative
2026-01-25 02:50:49.669  WARN 33488 --- [pool-9-thread-3] c.i.v.service.StatisticsCalculator       : Mass loss (8.514153487296E10) exceeds initial size (1.4E7), result will be negative
2026-01-25 02:50:49.670  WARN 33488 --- [pool-9-thread-6] c.i.v.service.StatisticsCalculator       : Mass loss (1.37625216912E10) exceeds initial size (4380000.0), result will be negative
2026-01-25 02:50:49.671  WARN 33488 --- [pool-9-thread-4] c.i.v.service.StatisticsCalculator       : Mass loss (1.37625216912E10) exceeds initial size (4380000.0), result will be negative
2026-01-25 02:50:49.672  WARN 33488 --- [pool-9-thread-5] c.i.v.service.StatisticsCalculator       : Mass loss (8.514153487296E8) exceeds initial size (1.4E7), result will be negative
2026-01-25 02:50:49.674  WARN 33488 --- [pool-9-thread-2] c.i.v.service.StatisticsCalculator       : Mass loss (1.37625216912E8) exceeds initial size (4380000.0), result will be negative
2026-01-25 02:50:49.674  WARN 33488 --- [pool-9-thread-1] c.i.v.service.StatisticsCalculator       : Mass loss (8.514153487296E8) exceeds initial size (1.4E7), result will be negative
2026-01-25 02:50:49.674  WARN 33488 --- [pool-9-thread-4] c.i.v.service.StatisticsCalculator       : Mass loss (1.37625216912E8) exceeds initial size (4380000.0), result will be negative
2026-01-25 02:50:49.675  WARN 33488 --- [pool-9-thread-3] c.i.v.service.StatisticsCalculator       : Mass loss (8.514153487296E8) exceeds initial size (1.4E7), result will be negative
2026-01-25 02:50:49.675  WARN 33488 --- [pool-9-thread-6] c.i.v.service.StatisticsCalculator       : Mass loss (1.37625216912E8) exceeds initial size (4380000.0), result will be negative
2026-01-25 02:50:49.676  WARN 33488 --- [pool-9-thread-4] c.i.v.service.StatisticsCalculator       : Mass loss (1.3762521691200001E9) exceeds initial size (4380000.0), result will be negative
2026-01-25 02:50:49.678  WARN 33488 --- [pool-9-thread-2] c.i.v.service.StatisticsCalculator       : Mass loss (1.3762521691200001E9) exceeds initial size (4380000.0), result will be negative
2026-01-25 02:50:49.678  WARN 33488 --- [pool-9-thread-6] c.i.v.service.StatisticsCalculator       : Mass loss (1.3762521691200001E9) exceeds initial size (4380000.0), result will be negative
2026-01-25 02:50:49.678  WARN 33488 --- [pool-9-thread-4] c.i.v.service.StatisticsCalculator       : Mass loss (1.37625216912E10) exceeds initial size (4380000.0), result will be negative
2026-01-25 02:50:49.679  WARN 33488 --- [pool-9-thread-1] c.i.v.service.StatisticsCalculator       : Mass loss (8.5141534872960005E9) exceeds initial size (1.4E7), result will be negative
2026-01-25 02:50:49.679  WARN 33488 --- [pool-9-thread-5] c.i.v.service.StatisticsCalculator       : Mass loss (8.5141534872960005E9) exceeds initial size (1.4E7), result will be negative
2026-01-25 02:50:49.681  WARN 33488 --- [pool-9-thread-4] c.i.v.service.StatisticsCalculator       : Mass loss (1.37625216912E8) exceeds initial size (4380000.0), result will be negative
2026-01-25 02:50:49.681  WARN 33488 --- [pool-9-thread-6] c.i.v.service.StatisticsCalculator       : Mass loss (1.37625216912E10) exceeds initial size (4380000.0), result will be negative
2026-01-25 02:50:49.681  WARN 33488 --- [pool-9-thread-2] c.i.v.service.StatisticsCalculator       : Mass loss (1.37625216912E10) exceeds initial size (4380000.0), result will be negative
2026-01-25 02:50:49.681  WARN 33488 --- [pool-9-thread-3] c.i.v.service.StatisticsCalculator       : Mass loss (8.5141534872960005E9) exceeds initial size (1.4E7), result will be negative
2026-01-25 02:50:49.683  WARN 33488 --- [pool-9-thread-2] c.i.v.service.StatisticsCalculator       : Mass loss (1.37625216912E8) exceeds initial size (4380000.0), result will be negative
2026-01-25 02:50:49.685  WARN 33488 --- [pool-9-thread-6] c.i.v.service.StatisticsCalculator       : Mass loss (1.37625216912E8) exceeds initial size (4380000.0), result will be negative
2026-01-25 02:50:49.685  WARN 33488 --- [pool-9-thread-4] c.i.v.service.StatisticsCalculator       : Mass loss (1.3762521691200001E9) exceeds initial size (4380000.0), result will be negative
2026-01-25 02:50:49.685  WARN 33488 --- [pool-9-thread-1] c.i.v.service.StatisticsCalculator       : Mass loss (8.514153487296E10) exceeds initial size (1.4E7), result will be negative
2026-01-25 02:50:49.685  WARN 33488 --- [pool-9-thread-1] c.i.v.service.StatisticsCalculator       : Mass loss (8.514153487296E8) exceeds initial size (1.4E7), result will be negative
2026-01-25 02:50:49.687  WARN 33488 --- [pool-9-thread-5] c.i.v.service.StatisticsCalculator       : Mass loss (8.514153487296E10) exceeds initial size (1.4E7), result will be negative
2026-01-25 02:50:49.688  WARN 33488 --- [pool-9-thread-3] c.i.v.service.StatisticsCalculator       : Mass loss (8.514153487296E10) exceeds initial size (1.4E7), result will be negative
2026-01-25 02:50:49.688  WARN 33488 --- [pool-9-thread-6] c.i.v.service.StatisticsCalculator       : Mass loss (1.3762521691200001E9) exceeds initial size (4380000.0), result will be negative
2026-01-25 02:50:49.689  WARN 33488 --- [pool-9-thread-1] c.i.v.service.StatisticsCalculator       : Mass loss (8.5141534872960005E9) exceeds initial size (1.4E7), result will be negative
2026-01-25 02:50:49.689  WARN 33488 --- [pool-9-thread-2] c.i.v.service.StatisticsCalculator       : Mass loss (1.3762521691200001E9) exceeds initial size (4380000.0), result will be negative
2026-01-25 02:50:49.692  WARN 33488 --- [pool-9-thread-4] c.i.v.service.StatisticsCalculator       : Mass loss (1.37625216912E10) exceeds initial size (4380000.0), result will be negative
2026-01-25 02:50:49.693  WARN 33488 --- [pool-9-thread-5] c.i.v.service.StatisticsCalculator       : Mass loss (8.514153487296E8) exceeds initial size (1.4E7), result will be negative
2026-01-25 02:50:49.693  WARN 33488 --- [pool-9-thread-1] c.i.v.service.StatisticsCalculator       : Mass loss (8.514153487296E10) exceeds initial size (1.4E7), result will be negative
2026-01-25 02:50:49.693  WARN 33488 --- [pool-9-thread-6] c.i.v.service.StatisticsCalculator       : Mass loss (1.37625216912E10) exceeds initial size (4380000.0), result will be negative
2026-01-25 02:50:49.694  WARN 33488 --- [pool-9-thread-3] c.i.v.service.StatisticsCalculator       : Mass loss (8.514153487296E8) exceeds initial size (1.4E7), result will be negative
2026-01-25 02:50:49.695  WARN 33488 --- [pool-9-thread-3] c.i.v.service.StatisticsCalculator       : Mass loss (8.5141534872960005E9) exceeds initial size (1.4E7), result will be negative
2026-01-25 02:50:49.696  WARN 33488 --- [pool-9-thread-6] c.i.v.service.StatisticsCalculator       : Mass loss (1.37625216912E8) exceeds initial size (4380000.0), result will be negative
2026-01-25 02:50:49.698  WARN 33488 --- [pool-9-thread-2] c.i.v.service.StatisticsCalculator       : Mass loss (1.37625216912E10) exceeds initial size (4380000.0), result will be negative
2026-01-25 02:50:49.698  WARN 33488 --- [pool-9-thread-2] c.i.v.service.StatisticsCalculator       : Mass loss (1.37625216912E8) exceeds initial size (4380000.0), result will be negative
2026-01-25 02:50:49.700  WARN 33488 --- [pool-9-thread-5] c.i.v.service.StatisticsCalculator       : Mass loss (8.5141534872960005E9) exceeds initial size (1.4E7), result will be negative
2026-01-25 02:50:49.700  WARN 33488 --- [pool-9-thread-4] c.i.v.service.StatisticsCalculator       : Mass loss (1.37625216912E8) exceeds initial size (4380000.0), result will be negative
2026-01-25 02:50:49.700  WARN 33488 --- [pool-9-thread-3] c.i.v.service.StatisticsCalculator       : Mass loss (8.514153487296E10) exceeds initial size (1.4E7), result will be negative
2026-01-25 02:50:49.700  WARN 33488 --- [pool-9-thread-1] c.i.v.service.StatisticsCalculator       : Mass loss (8.514153487296E8) exceeds initial size (1.4E7), result will be negative
2026-01-25 02:50:49.704  WARN 33488 --- [pool-9-thread-5] c.i.v.service.StatisticsCalculator       : Mass loss (8.514153487296E10) exceeds initial size (1.4E7), result will be negative
2026-01-25 02:50:49.705  WARN 33488 --- [pool-9-thread-1] c.i.v.service.StatisticsCalculator       : Mass loss (8.5141534872960005E9) exceeds initial size (1.4E7), result will be negative
2026-01-25 02:50:49.705  WARN 33488 --- [pool-9-thread-6] c.i.v.service.StatisticsCalculator       : Mass loss (1.3762521691200001E9) exceeds initial size (4380000.0), result will be negative
2026-01-25 02:50:49.706  WARN 33488 --- [pool-9-thread-2] c.i.v.service.StatisticsCalculator       : Mass loss (1.3762521691200001E9) exceeds initial size (4380000.0), result will be negative
2026-01-25 02:50:49.707  WARN 33488 --- [pool-9-thread-4] c.i.v.service.StatisticsCalculator       : Mass loss (1.3762521691200001E9) exceeds initial size (4380000.0), result will be negative
2026-01-25 02:50:49.707  WARN 33488 --- [pool-9-thread-5] c.i.v.service.StatisticsCalculator       : Mass loss (8.514153487296E8) exceeds initial size (1.4E7), result will be negative
2026-01-25 02:50:49.708  WARN 33488 --- [pool-9-thread-3] c.i.v.service.StatisticsCalculator       : Mass loss (8.514153487296E8) exceeds initial size (1.4E7), result will be negative
2026-01-25 02:50:49.712  WARN 33488 --- [pool-9-thread-3] c.i.v.service.StatisticsCalculator       : Mass loss (8.5141534872960005E9) exceeds initial size (1.4E7), result will be negative
2026-01-25 02:50:49.714  WARN 33488 --- [pool-9-thread-5] c.i.v.service.StatisticsCalculator       : Mass loss (8.5141534872960005E9) exceeds initial size (1.4E7), result will be negative
]]></system-out>
  </testcase>
  <testcase name="testConcurrentErrorHandling" classname="com.icesheet.visualization.service.ConcurrentRequestTest" time="0.05">
    <system-out><![CDATA[2026-01-25 02:50:49.734 ERROR 33488 --- [ool-10-thread-1] c.i.v.service.StatisticsCalculator       : Calculation failed for request 1 due to concurrent access or calculation error

java.lang.IllegalArgumentException: Ice sheet type cannot be null
	at com.icesheet.visualization.service.StatisticsCalculator.calculateMassLoss(StatisticsCalculator.java:51) ~[classes/:na]
	at com.icesheet.visualization.service.ConcurrentRequestTest.lambda$testConcurrentErrorHandling$3(ConcurrentRequestTest.java:232) ~[test-classes/:na]
	at java.base/java.util.concurrent.Executors$RunnableAdapter.call(Executors.java:515) ~[na:na]
	at java.base/java.util.concurrent.FutureTask.run(FutureTask.java:264) ~[na:na]
	at java.base/java.util.concurrent.ThreadPoolExecutor.runWorker(ThreadPoolExecutor.java:1128) ~[na:na]
	at java.base/java.util.concurrent.ThreadPoolExecutor$Worker.run(ThreadPoolExecutor.java:628) ~[na:na]
	at java.base/java.lang.Thread.run(Thread.java:829) ~[na:na]

2026-01-25 02:50:49.734 ERROR 33488 --- [ool-10-thread-3] c.i.v.service.StatisticsCalculator       : Calculation failed for request 2 due to concurrent access or calculation error

java.lang.IllegalArgumentException: Ice sheet type cannot be null
	at com.icesheet.visualization.service.StatisticsCalculator.calculateMassLoss(StatisticsCalculator.java:51) ~[classes/:na]
	at com.icesheet.visualization.service.ConcurrentRequestTest.lambda$testConcurrentErrorHandling$3(ConcurrentRequestTest.java:232) ~[test-classes/:na]
	at java.base/java.util.concurrent.Executors$RunnableAdapter.call(Executors.java:515) ~[na:na]
	at java.base/java.util.concurrent.FutureTask.run(FutureTask.java:264) ~[na:na]
	at java.base/java.util.concurrent.ThreadPoolExecutor.runWorker(ThreadPoolExecutor.java:1128) ~[na:na]
	at java.base/java.util.concurrent.ThreadPoolExecutor$Worker.run(ThreadPoolExecutor.java:628) ~[na:na]
	at java.base/java.lang.Thread.run(Thread.java:829) ~[na:na]

2026-01-25 02:50:49.734 ERROR 33488 --- [ool-10-thread-4] c.i.v.service.StatisticsCalculator       : Calculation failed for request 3 due to concurrent access or calculation error

java.lang.IllegalArgumentException: Ice sheet type cannot be null
	at com.icesheet.visualization.service.StatisticsCalculator.calculateMassLoss(StatisticsCalculator.java:51) ~[classes/:na]
	at com.icesheet.visualization.service.ConcurrentRequestTest.lambda$testConcurrentErrorHandling$3(ConcurrentRequestTest.java:232) ~[test-classes/:na]
	at java.base/java.util.concurrent.Executors$RunnableAdapter.call(Executors.java:515) ~[na:na]
	at java.base/java.util.concurrent.FutureTask.run(FutureTask.java:264) ~[na:na]
	at java.base/java.util.concurrent.ThreadPoolExecutor.runWorker(ThreadPoolExecutor.java:1128) ~[na:na]
	at java.base/java.util.concurrent.ThreadPoolExecutor$Worker.run(ThreadPoolExecutor.java:628) ~[na:na]
	at java.base/java.lang.Thread.run(Thread.java:829) ~[na:na]

2026-01-25 02:50:49.736 ERROR 33488 --- [ool-10-thread-3] c.i.v.service.StatisticsCalculator       : Calculation failed for request 5 due to concurrent access or calculation error

java.lang.IllegalArgumentException: Time period cannot be null
	at com.icesheet.visualization.service.StatisticsCalculator.calculateMassLoss(StatisticsCalculator.java:54) ~[classes/:na]
	at com.icesheet.visualization.service.ConcurrentRequestTest.lambda$testConcurrentErrorHandling$3(ConcurrentRequestTest.java:241) ~[test-classes/:na]
	at java.base/java.util.concurrent.Executors$RunnableAdapter.call(Executors.java:515) ~[na:na]
	at java.base/java.util.concurrent.FutureTask.run(FutureTask.java:264) ~[na:na]
	at java.base/java.util.concurrent.ThreadPoolExecutor.runWorker(ThreadPoolExecutor.java:1128) ~[na:na]
	at java.base/java.util.concurrent.ThreadPoolExecutor$Worker.run(ThreadPoolExecutor.java:628) ~[na:na]
	at java.base/java.lang.Thread.run(Thread.java:829) ~[na:na]

2026-01-25 02:50:49.736 ERROR 33488 --- [ool-10-thread-4] c.i.v.service.StatisticsCalculator       : Calculation failed for request 6 due to concurrent access or calculation error

java.lang.IllegalArgumentException: Time period cannot be null
	at com.icesheet.visualization.service.StatisticsCalculator.calculateMassLoss(StatisticsCalculator.java:54) ~[classes/:na]
	at com.icesheet.visualization.service.ConcurrentRequestTest.lambda$testConcurrentErrorHandling$3(ConcurrentRequestTest.java:241) ~[test-classes/:na]
	at java.base/java.util.concurrent.Executors$RunnableAdapter.call(Executors.java:515) ~[na:na]
	at java.base/java.util.concurrent.FutureTask.run(FutureTask.java:264) ~[na:na]
	at java.base/java.util.concurrent.ThreadPoolExecutor.runWorker(ThreadPoolExecutor.java:1128) ~[na:na]
	at java.base/java.util.concurrent.ThreadPoolExecutor$Worker.run(ThreadPoolExecutor.java:628) ~[na:na]
	at java.base/java.lang.Thread.run(Thread.java:829) ~[na:na]

2026-01-25 02:50:49.736 ERROR 33488 --- [ool-10-thread-4] c.i.v.service.IceSheetDataService        : Invalid parameters for detail statistics in request 2

java.lang.IllegalArgumentException: Ice sheet type cannot be null
	at com.icesheet.visualization.service.IceSheetDataService.getDetailStatistics(IceSheetDataService.java:78) ~[classes/:na]
	at com.icesheet.visualization.service.ConcurrentRequestTest.lambda$testConcurrentErrorHandling$3(ConcurrentRequestTest.java:250) ~[test-classes/:na]
	at java.base/java.util.concurrent.Executors$RunnableAdapter.call(Executors.java:515) ~[na:na]
	at java.base/java.util.concurrent.FutureTask.run(FutureTask.java:264) ~[na:na]
	at java.base/java.util.concurrent.ThreadPoolExecutor.runWorker(ThreadPoolExecutor.java:1128) ~[na:na]
	at java.base/java.util.concurrent.ThreadPoolExecutor$Worker.run(ThreadPoolExecutor.java:628) ~[na:na]
	at java.base/java.lang.Thread.run(Thread.java:829) ~[na:na]

2026-01-25 02:50:49.736 ERROR 33488 --- [ool-10-thread-4] c.i.v.service.StatisticsCalculator       : Calculation failed for request 7 due to concurrent access or calculation error

java.lang.IllegalArgumentException: Ice sheet type cannot be null
	at com.icesheet.visualization.service.StatisticsCalculator.calculateMassLoss(StatisticsCalculator.java:51) ~[classes/:na]
	at com.icesheet.visualization.service.ConcurrentRequestTest.lambda$testConcurrentErrorHandling$3(ConcurrentRequestTest.java:232) ~[test-classes/:na]
	at java.base/java.util.concurrent.Executors$RunnableAdapter.call(Executors.java:515) ~[na:na]
	at java.base/java.util.concurrent.FutureTask.run(FutureTask.java:264) ~[na:na]
	at java.base/java.util.concurrent.ThreadPoolExecutor.runWorker(ThreadPoolExecutor.java:1128) ~[na:na]
	at java.base/java.util.concurrent.ThreadPoolExecutor$Worker.run(ThreadPoolExecutor.java:628) ~[na:na]
	at java.base/java.lang.Thread.run(Thread.java:829) ~[na:na]

2026-01-25 02:50:49.736 ERROR 33488 --- [ool-10-thread-1] c.i.v.service.StatisticsCalculator       : Calculation failed for request 4 due to concurrent access or calculation error

java.lang.IllegalArgumentException: Time period cannot be null
	at com.icesheet.visualization.service.StatisticsCalculator.calculateMassLoss(StatisticsCalculator.java:54) ~[classes/:na]
	at com.icesheet.visualization.service.ConcurrentRequestTest.lambda$testConcurrentErrorHandling$3(ConcurrentRequestTest.java:241) ~[test-classes/:na]
	at java.base/java.util.concurrent.Executors$RunnableAdapter.call(Executors.java:515) ~[na:na]
	at java.base/java.util.concurrent.FutureTask.run(FutureTask.java:264) ~[na:na]
	at java.base/java.util.concurrent.ThreadPoolExecutor.runWorker(ThreadPoolExecutor.java:1128) ~[na:na]
	at java.base/java.util.concurrent.ThreadPoolExecutor$Worker.run(ThreadPoolExecutor.java:628) ~[na:na]
	at java.base/java.lang.Thread.run(Thread.java:829) ~[na:na]

2026-01-25 02:50:49.736 ERROR 33488 --- [ool-10-thread-4] c.i.v.service.StatisticsCalculator       : Calculation failed for request 8 due to concurrent access or calculation error

java.lang.IllegalArgumentException: Time period cannot be null
	at com.icesheet.visualization.service.StatisticsCalculator.calculateMassLoss(StatisticsCalculator.java:54) ~[classes/:na]
	at com.icesheet.visualization.service.ConcurrentRequestTest.lambda$testConcurrentErrorHandling$3(ConcurrentRequestTest.java:241) ~[test-classes/:na]
	at java.base/java.util.concurrent.Executors$RunnableAdapter.call(Executors.java:515) ~[na:na]
	at java.base/java.util.concurrent.FutureTask.run(FutureTask.java:264) ~[na:na]
	at java.base/java.util.concurrent.ThreadPoolExecutor.runWorker(ThreadPoolExecutor.java:1128) ~[na:na]
	at java.base/java.util.concurrent.ThreadPoolExecutor$Worker.run(ThreadPoolExecutor.java:628) ~[na:na]
	at java.base/java.lang.Thread.run(Thread.java:829) ~[na:na]

2026-01-25 02:50:49.736 ERROR 33488 --- [ool-10-thread-1] c.i.v.service.IceSheetDataService        : Invalid parameters for detail statistics in request 3

java.lang.IllegalArgumentException: Ice sheet type cannot be null
	at com.icesheet.visualization.service.IceSheetDataService.getDetailStatistics(IceSheetDataService.java:78) ~[classes/:na]
	at com.icesheet.visualization.service.ConcurrentRequestTest.lambda$testConcurrentErrorHandling$3(ConcurrentRequestTest.java:250) ~[test-classes/:na]
	at java.base/java.util.concurrent.Executors$RunnableAdapter.call(Executors.java:515) ~[na:na]
	at java.base/java.util.concurrent.FutureTask.run(FutureTask.java:264) ~[na:na]
	at java.base/java.util.concurrent.ThreadPoolExecutor.runWorker(ThreadPoolExecutor.java:1128) ~[na:na]
	at java.base/java.util.concurrent.ThreadPoolExecutor$Worker.run(ThreadPoolExecutor.java:628) ~[na:na]
	at java.base/java.lang.Thread.run(Thread.java:829) ~[na:na]

2026-01-25 02:50:49.737 ERROR 33488 --- [ool-10-thread-4] c.i.v.service.IceSheetDataService        : Invalid parameters for detail statistics in request 4

java.lang.IllegalArgumentException: Ice sheet type cannot be null
	at com.icesheet.visualization.service.IceSheetDataService.getDetailStatistics(IceSheetDataService.java:78) ~[classes/:na]
	at com.icesheet.visualization.service.ConcurrentRequestTest.lambda$testConcurrentErrorHandling$3(ConcurrentRequestTest.java:250) ~[test-classes/:na]
	at java.base/java.util.concurrent.Executors$RunnableAdapter.call(Executors.java:515) ~[na:na]
	at java.base/java.util.concurrent.FutureTask.run(FutureTask.java:264) ~[na:na]
	at java.base/java.util.concurrent.ThreadPoolExecutor.runWorker(ThreadPoolExecutor.java:1128) ~[na:na]
	at java.base/java.util.concurrent.ThreadPoolExecutor$Worker.run(ThreadPoolExecutor.java:628) ~[na:na]
	at java.base/java.lang.Thread.run(Thread.java:829) ~[na:na]

2026-01-25 02:50:49.737 ERROR 33488 --- [ool-10-thread-1] c.i.v.service.StatisticsCalculator       : Calculation failed for request 9 due to concurrent access or calculation error

java.lang.IllegalArgumentException: Ice sheet type cannot be null
	at com.icesheet.visualization.service.StatisticsCalculator.calculateMassLoss(StatisticsCalculator.java:51) ~[classes/:na]
	at com.icesheet.visualization.service.ConcurrentRequestTest.lambda$testConcurrentErrorHandling$3(ConcurrentRequestTest.java:232) ~[test-classes/:na]
	at java.base/java.util.concurrent.Executors$RunnableAdapter.call(Executors.java:515) ~[na:na]
	at java.base/java.util.concurrent.FutureTask.run(FutureTask.java:264) ~[na:na]
	at java.base/java.util.concurrent.ThreadPoolExecutor.runWorker(ThreadPoolExecutor.java:1128) ~[na:na]
	at java.base/java.util.concurrent.ThreadPoolExecutor$Worker.run(ThreadPoolExecutor.java:628) ~[na:na]
	at java.base/java.lang.Thread.run(Thread.java:829) ~[na:na]

2026-01-25 02:50:49.738 ERROR 33488 --- [ool-10-thread-4] c.i.v.service.StatisticsCalculator       : Calculation failed for request 10 due to concurrent access or calculation error

java.lang.IllegalArgumentException: Ice sheet type cannot be null
	at com.icesheet.visualization.service.StatisticsCalculator.calculateMassLoss(StatisticsCalculator.java:51) ~[classes/:na]
	at com.icesheet.visualization.service.ConcurrentRequestTest.lambda$testConcurrentErrorHandling$3(ConcurrentRequestTest.java:232) ~[test-classes/:na]
	at java.base/java.util.concurrent.Executors$RunnableAdapter.call(Executors.java:515) ~[na:na]
	at java.base/java.util.concurrent.FutureTask.run(FutureTask.java:264) ~[na:na]
	at java.base/java.util.concurrent.ThreadPoolExecutor.runWorker(ThreadPoolExecutor.java:1128) ~[na:na]
	at java.base/java.util.concurrent.ThreadPoolExecutor$Worker.run(ThreadPoolExecutor.java:628) ~[na:na]
	at java.base/java.lang.Thread.run(Thread.java:829) ~[na:na]

2026-01-25 02:50:49.740 ERROR 33488 --- [ool-10-thread-3] c.i.v.service.IceSheetDataService        : Invalid parameters for detail statistics in request 1

java.lang.IllegalArgumentException: Ice sheet type cannot be null
	at com.icesheet.visualization.service.IceSheetDataService.getDetailStatistics(IceSheetDataService.java:78) ~[classes/:na]
	at com.icesheet.visualization.service.ConcurrentRequestTest.lambda$testConcurrentErrorHandling$3(ConcurrentRequestTest.java:250) ~[test-classes/:na]
	at java.base/java.util.concurrent.Executors$RunnableAdapter.call(Executors.java:515) ~[na:na]
	at java.base/java.util.concurrent.FutureTask.run(FutureTask.java:264) ~[na:na]
	at java.base/java.util.concurrent.ThreadPoolExecutor.runWorker(ThreadPoolExecutor.java:1128) ~[na:na]
	at java.base/java.util.concurrent.ThreadPoolExecutor$Worker.run(ThreadPoolExecutor.java:628) ~[na:na]
	at java.base/java.lang.Thread.run(Thread.java:829) ~[na:na]

2026-01-25 02:50:49.740 ERROR 33488 --- [ool-10-thread-1] c.i.v.service.StatisticsCalculator       : Calculation failed for request 11 due to concurrent access or calculation error

java.lang.IllegalArgumentException: Time period cannot be null
	at com.icesheet.visualization.service.StatisticsCalculator.calculateMassLoss(StatisticsCalculator.java:54) ~[classes/:na]
	at com.icesheet.visualization.service.ConcurrentRequestTest.lambda$testConcurrentErrorHandling$3(ConcurrentRequestTest.java:241) ~[test-classes/:na]
	at java.base/java.util.concurrent.Executors$RunnableAdapter.call(Executors.java:515) ~[na:na]
	at java.base/java.util.concurrent.FutureTask.run(FutureTask.java:264) ~[na:na]
	at java.base/java.util.concurrent.ThreadPoolExecutor.runWorker(ThreadPoolExecutor.java:1128) ~[na:na]
	at java.base/java.util.concurrent.ThreadPoolExecutor$Worker.run(ThreadPoolExecutor.java:628) ~[na:na]
	at java.base/java.lang.Thread.run(Thread.java:829) ~[na:na]

2026-01-25 02:50:49.740 ERROR 33488 --- [ool-10-thread-2] c.i.v.service.StatisticsCalculator       : Calculation failed for request 12 due to concurrent access or calculation error

java.lang.IllegalArgumentException: Ice sheet type cannot be null
	at com.icesheet.visualization.service.StatisticsCalculator.calculateMassLoss(StatisticsCalculator.java:51) ~[classes/:na]
	at com.icesheet.visualization.service.ConcurrentRequestTest.lambda$testConcurrentErrorHandling$3(ConcurrentRequestTest.java:232) ~[test-classes/:na]
	at java.base/java.util.concurrent.Executors$RunnableAdapter.call(Executors.java:515) ~[na:na]
	at java.base/java.util.concurrent.FutureTask.run(FutureTask.java:264) ~[na:na]
	at java.base/java.util.concurrent.ThreadPoolExecutor.runWorker(ThreadPoolExecutor.java:1128) ~[na:na]
	at java.base/java.util.concurrent.ThreadPoolExecutor$Worker.run(ThreadPoolExecutor.java:628) ~[na:na]
	at java.base/java.lang.Thread.run(Thread.java:829) ~[na:na]

2026-01-25 02:50:49.742 ERROR 33488 --- [ool-10-thread-4] c.i.v.service.StatisticsCalculator       : Calculation failed for request 13 due to concurrent access or calculation error

java.lang.IllegalArgumentException: Time period cannot be null
	at com.icesheet.visualization.service.StatisticsCalculator.calculateMassLoss(StatisticsCalculator.java:54) ~[classes/:na]
	at com.icesheet.visualization.service.ConcurrentRequestTest.lambda$testConcurrentErrorHandling$3(ConcurrentRequestTest.java:241) ~[test-classes/:na]
	at java.base/java.util.concurrent.Executors$RunnableAdapter.call(Executors.java:515) ~[na:na]
	at java.base/java.util.concurrent.FutureTask.run(FutureTask.java:264) ~[na:na]
	at java.base/java.util.concurrent.ThreadPoolExecutor.runWorker(ThreadPoolExecutor.java:1128) ~[na:na]
	at java.base/java.util.concurrent.ThreadPoolExecutor$Worker.run(ThreadPoolExecutor.java:628) ~[na:na]
	at java.base/java.lang.Thread.run(Thread.java:829) ~[na:na]

2026-01-25 02:50:49.743 ERROR 33488 --- [ool-10-thread-2] c.i.v.service.StatisticsCalculator       : Calculation failed for request 15 due to concurrent access or calculation error

java.lang.IllegalArgumentException: Time period cannot be null
	at com.icesheet.visualization.service.StatisticsCalculator.calculateMassLoss(StatisticsCalculator.java:54) ~[classes/:na]
	at com.icesheet.visualization.service.ConcurrentRequestTest.lambda$testConcurrentErrorHandling$3(ConcurrentRequestTest.java:241) ~[test-classes/:na]
	at java.base/java.util.concurrent.Executors$RunnableAdapter.call(Executors.java:515) ~[na:na]
	at java.base/java.util.concurrent.FutureTask.run(FutureTask.java:264) ~[na:na]
	at java.base/java.util.concurrent.ThreadPoolExecutor.runWorker(ThreadPoolExecutor.java:1128) ~[na:na]
	at java.base/java.util.concurrent.ThreadPoolExecutor$Worker.run(ThreadPoolExecutor.java:628) ~[na:na]
	at java.base/java.lang.Thread.run(Thread.java:829) ~[na:na]

2026-01-25 02:50:49.743 ERROR 33488 --- [ool-10-thread-1] c.i.v.service.IceSheetDataService        : Invalid parameters for detail statistics in request 5

java.lang.IllegalArgumentException: Ice sheet type cannot be null
	at com.icesheet.visualization.service.IceSheetDataService.getDetailStatistics(IceSheetDataService.java:78) ~[classes/:na]
	at com.icesheet.visualization.service.ConcurrentRequestTest.lambda$testConcurrentErrorHandling$3(ConcurrentRequestTest.java:250) ~[test-classes/:na]
	at java.base/java.util.concurrent.Executors$RunnableAdapter.call(Executors.java:515) ~[na:na]
	at java.base/java.util.concurrent.FutureTask.run(FutureTask.java:264) ~[na:na]
	at java.base/java.util.concurrent.ThreadPoolExecutor.runWorker(ThreadPoolExecutor.java:1128) ~[na:na]
	at java.base/java.util.concurrent.ThreadPoolExecutor$Worker.run(ThreadPoolExecutor.java:628) ~[na:na]
	at java.base/java.lang.Thread.run(Thread.java:829) ~[na:na]

2026-01-25 02:50:49.743 ERROR 33488 --- [ool-10-thread-2] c.i.v.service.IceSheetDataService        : Invalid parameters for detail statistics in request 6

java.lang.IllegalArgumentException: Ice sheet type cannot be null
	at com.icesheet.visualization.service.IceSheetDataService.getDetailStatistics(IceSheetDataService.java:78) ~[classes/:na]
	at com.icesheet.visualization.service.ConcurrentRequestTest.lambda$testConcurrentErrorHandling$3(ConcurrentRequestTest.java:250) ~[test-classes/:na]
	at java.base/java.util.concurrent.Executors$RunnableAdapter.call(Executors.java:515) ~[na:na]
	at java.base/java.util.concurrent.FutureTask.run(FutureTask.java:264) ~[na:na]
	at java.base/java.util.concurrent.ThreadPoolExecutor.runWorker(ThreadPoolExecutor.java:1128) ~[na:na]
	at java.base/java.util.concurrent.ThreadPoolExecutor$Worker.run(ThreadPoolExecutor.java:628) ~[na:na]
	at java.base/java.lang.Thread.run(Thread.java:829) ~[na:na]

2026-01-25 02:50:49.743 ERROR 33488 --- [ool-10-thread-1] c.i.v.service.StatisticsCalculator       : Calculation failed for request 16 due to concurrent access or calculation error

java.lang.IllegalArgumentException: Ice sheet type cannot be null
	at com.icesheet.visualization.service.StatisticsCalculator.calculateMassLoss(StatisticsCalculator.java:51) ~[classes/:na]
	at com.icesheet.visualization.service.ConcurrentRequestTest.lambda$testConcurrentErrorHandling$3(ConcurrentRequestTest.java:232) ~[test-classes/:na]
	at java.base/java.util.concurrent.Executors$RunnableAdapter.call(Executors.java:515) ~[na:na]
	at java.base/java.util.concurrent.FutureTask.run(FutureTask.java:264) ~[na:na]
	at java.base/java.util.concurrent.ThreadPoolExecutor.runWorker(ThreadPoolExecutor.java:1128) ~[na:na]
	at java.base/java.util.concurrent.ThreadPoolExecutor$Worker.run(ThreadPoolExecutor.java:628) ~[na:na]
	at java.base/java.lang.Thread.run(Thread.java:829) ~[na:na]

2026-01-25 02:50:49.746 ERROR 33488 --- [ool-10-thread-2] c.i.v.service.StatisticsCalculator       : Calculation failed for request 17 due to concurrent access or calculation error

java.lang.IllegalArgumentException: Ice sheet type cannot be null
	at com.icesheet.visualization.service.StatisticsCalculator.calculateMassLoss(StatisticsCalculator.java:51) ~[classes/:na]
	at com.icesheet.visualization.service.ConcurrentRequestTest.lambda$testConcurrentErrorHandling$3(ConcurrentRequestTest.java:232) ~[test-classes/:na]
	at java.base/java.util.concurrent.Executors$RunnableAdapter.call(Executors.java:515) ~[na:na]
	at java.base/java.util.concurrent.FutureTask.run(FutureTask.java:264) ~[na:na]
	at java.base/java.util.concurrent.ThreadPoolExecutor.runWorker(ThreadPoolExecutor.java:1128) ~[na:na]
	at java.base/java.util.concurrent.ThreadPoolExecutor$Worker.run(ThreadPoolExecutor.java:628) ~[na:na]
	at java.base/java.lang.Thread.run(Thread.java:829) ~[na:na]

2026-01-25 02:50:49.747 ERROR 33488 --- [ool-10-thread-1] c.i.v.service.StatisticsCalculator       : Calculation failed for request 18 due to concurrent access or calculation error

java.lang.IllegalArgumentException: Time period cannot be null
	at com.icesheet.visualization.service.StatisticsCalculator.calculateMassLoss(StatisticsCalculator.java:54) ~[classes/:na]
	at com.icesheet.visualization.service.ConcurrentRequestTest.lambda$testConcurrentErrorHandling$3(ConcurrentRequestTest.java:241) ~[test-classes/:na]
	at java.base/java.util.concurrent.Executors$RunnableAdapter.call(Executors.java:515) ~[na:na]
	at java.base/java.util.concurrent.FutureTask.run(FutureTask.java:264) ~[na:na]
	at java.base/java.util.concurrent.ThreadPoolExecutor.runWorker(ThreadPoolExecutor.java:1128) ~[na:na]
	at java.base/java.util.concurrent.ThreadPoolExecutor$Worker.run(ThreadPoolExecutor.java:628) ~[na:na]
	at java.base/java.lang.Thread.run(Thread.java:829) ~[na:na]

2026-01-25 02:50:49.747 ERROR 33488 --- [ool-10-thread-2] c.i.v.service.StatisticsCalculator       : Calculation failed for request 19 due to concurrent access or calculation error

java.lang.IllegalArgumentException: Time period cannot be null
	at com.icesheet.visualization.service.StatisticsCalculator.calculateMassLoss(StatisticsCalculator.java:54) ~[classes/:na]
	at com.icesheet.visualization.service.ConcurrentRequestTest.lambda$testConcurrentErrorHandling$3(ConcurrentRequestTest.java:241) ~[test-classes/:na]
	at java.base/java.util.concurrent.Executors$RunnableAdapter.call(Executors.java:515) ~[na:na]
	at java.base/java.util.concurrent.FutureTask.run(FutureTask.java:264) ~[na:na]
	at java.base/java.util.concurrent.ThreadPoolExecutor.runWorker(ThreadPoolExecutor.java:1128) ~[na:na]
	at java.base/java.util.concurrent.ThreadPoolExecutor$Worker.run(ThreadPoolExecutor.java:628) ~[na:na]
	at java.base/java.lang.Thread.run(Thread.java:829) ~[na:na]

2026-01-25 02:50:49.747 ERROR 33488 --- [ool-10-thread-1] c.i.v.service.IceSheetDataService        : Invalid parameters for detail statistics in request 7

java.lang.IllegalArgumentException: Ice sheet type cannot be null
	at com.icesheet.visualization.service.IceSheetDataService.getDetailStatistics(IceSheetDataService.java:78) ~[classes/:na]
	at com.icesheet.visualization.service.ConcurrentRequestTest.lambda$testConcurrentErrorHandling$3(ConcurrentRequestTest.java:250) ~[test-classes/:na]
	at java.base/java.util.concurrent.Executors$RunnableAdapter.call(Executors.java:515) ~[na:na]
	at java.base/java.util.concurrent.FutureTask.run(FutureTask.java:264) ~[na:na]
	at java.base/java.util.concurrent.ThreadPoolExecutor.runWorker(ThreadPoolExecutor.java:1128) ~[na:na]
	at java.base/java.util.concurrent.ThreadPoolExecutor$Worker.run(ThreadPoolExecutor.java:628) ~[na:na]
	at java.base/java.lang.Thread.run(Thread.java:829) ~[na:na]

2026-01-25 02:50:49.747 ERROR 33488 --- [ool-10-thread-2] c.i.v.service.IceSheetDataService        : Invalid parameters for detail statistics in request 8

java.lang.IllegalArgumentException: Ice sheet type cannot be null
	at com.icesheet.visualization.service.IceSheetDataService.getDetailStatistics(IceSheetDataService.java:78) ~[classes/:na]
	at com.icesheet.visualization.service.ConcurrentRequestTest.lambda$testConcurrentErrorHandling$3(ConcurrentRequestTest.java:250) ~[test-classes/:na]
	at java.base/java.util.concurrent.Executors$RunnableAdapter.call(Executors.java:515) ~[na:na]
	at java.base/java.util.concurrent.FutureTask.run(FutureTask.java:264) ~[na:na]
	at java.base/java.util.concurrent.ThreadPoolExecutor.runWorker(ThreadPoolExecutor.java:1128) ~[na:na]
	at java.base/java.util.concurrent.ThreadPoolExecutor$Worker.run(ThreadPoolExecutor.java:628) ~[na:na]
	at java.base/java.lang.Thread.run(Thread.java:829) ~[na:na]

2026-01-25 02:50:49.747 ERROR 33488 --- [ool-10-thread-1] c.i.v.service.StatisticsCalculator       : Calculation failed for request 20 due to concurrent access or calculation error

java.lang.IllegalArgumentException: Ice sheet type cannot be null
	at com.icesheet.visualization.service.StatisticsCalculator.calculateMassLoss(StatisticsCalculator.java:51) ~[classes/:na]
	at com.icesheet.visualization.service.ConcurrentRequestTest.lambda$testConcurrentErrorHandling$3(ConcurrentRequestTest.java:232) ~[test-classes/:na]
	at java.base/java.util.concurrent.Executors$RunnableAdapter.call(Executors.java:515) ~[na:na]
	at java.base/java.util.concurrent.FutureTask.run(FutureTask.java:264) ~[na:na]
	at java.base/java.util.concurrent.ThreadPoolExecutor.runWorker(ThreadPoolExecutor.java:1128) ~[na:na]
	at java.base/java.util.concurrent.ThreadPoolExecutor$Worker.run(ThreadPoolExecutor.java:628) ~[na:na]
	at java.base/java.lang.Thread.run(Thread.java:829) ~[na:na]

2026-01-25 02:50:49.747 ERROR 33488 --- [ool-10-thread-2] c.i.v.service.StatisticsCalculator       : Calculation failed for request 21 due to concurrent access or calculation error

java.lang.IllegalArgumentException: Ice sheet type cannot be null
	at com.icesheet.visualization.service.StatisticsCalculator.calculateMassLoss(StatisticsCalculator.java:51) ~[classes/:na]
	at com.icesheet.visualization.service.ConcurrentRequestTest.lambda$testConcurrentErrorHandling$3(ConcurrentRequestTest.java:232) ~[test-classes/:na]
	at java.base/java.util.concurrent.Executors$RunnableAdapter.call(Executors.java:515) ~[na:na]
	at java.base/java.util.concurrent.FutureTask.run(FutureTask.java:264) ~[na:na]
	at java.base/java.util.concurrent.ThreadPoolExecutor.runWorker(ThreadPoolExecutor.java:1128) ~[na:na]
	at java.base/java.util.concurrent.ThreadPoolExecutor$Worker.run(ThreadPoolExecutor.java:628) ~[na:na]
	at java.base/java.lang.Thread.run(Thread.java:829) ~[na:na]

2026-01-25 02:50:49.747 ERROR 33488 --- [ool-10-thread-1] c.i.v.service.StatisticsCalculator       : Calculation failed for request 22 due to concurrent access or calculation error

java.lang.IllegalArgumentException: Time period cannot be null
	at com.icesheet.visualization.service.StatisticsCalculator.calculateMassLoss(StatisticsCalculator.java:54) ~[classes/:na]
	at com.icesheet.visualization.service.ConcurrentRequestTest.lambda$testConcurrentErrorHandling$3(ConcurrentRequestTest.java:241) ~[test-classes/:na]
	at java.base/java.util.concurrent.Executors$RunnableAdapter.call(Executors.java:515) ~[na:na]
	at java.base/java.util.concurrent.FutureTask.run(FutureTask.java:264) ~[na:na]
	at java.base/java.util.concurrent.ThreadPoolExecutor.runWorker(ThreadPoolExecutor.java:1128) ~[na:na]
	at java.base/java.util.concurrent.ThreadPoolExecutor$Worker.run(ThreadPoolExecutor.java:628) ~[na:na]
	at java.base/java.lang.Thread.run(Thread.java:829) ~[na:na]

2026-01-25 02:50:49.747 ERROR 33488 --- [ool-10-thread-2] c.i.v.service.StatisticsCalculator       : Calculation failed for request 23 due to concurrent access or calculation error

java.lang.IllegalArgumentException: Time period cannot be null
	at com.icesheet.visualization.service.StatisticsCalculator.calculateMassLoss(StatisticsCalculator.java:54) ~[classes/:na]
	at com.icesheet.visualization.service.ConcurrentRequestTest.lambda$testConcurrentErrorHandling$3(ConcurrentRequestTest.java:241) ~[test-classes/:na]
	at java.base/java.util.concurrent.Executors$RunnableAdapter.call(Executors.java:515) ~[na:na]
	at java.base/java.util.concurrent.FutureTask.run(FutureTask.java:264) ~[na:na]
	at java.base/java.util.concurrent.ThreadPoolExecutor.runWorker(ThreadPoolExecutor.java:1128) ~[na:na]
	at java.base/java.util.concurrent.ThreadPoolExecutor$Worker.run(ThreadPoolExecutor.java:628) ~[na:na]
	at java.base/java.lang.Thread.run(Thread.java:829) ~[na:na]

2026-01-25 02:50:49.748 ERROR 33488 --- [ool-10-thread-2] c.i.v.service.IceSheetDataService        : Invalid parameters for detail statistics in request 10

java.lang.IllegalArgumentException: Ice sheet type cannot be null
	at com.icesheet.visualization.service.IceSheetDataService.getDetailStatistics(IceSheetDataService.java:78) ~[classes/:na]
	at com.icesheet.visualization.service.ConcurrentRequestTest.lambda$testConcurrentErrorHandling$3(ConcurrentRequestTest.java:250) ~[test-classes/:na]
	at java.base/java.util.concurrent.Executors$RunnableAdapter.call(Executors.java:515) ~[na:na]
	at java.base/java.util.concurrent.FutureTask.run(FutureTask.java:264) ~[na:na]
	at java.base/java.util.concurrent.ThreadPoolExecutor.runWorker(ThreadPoolExecutor.java:1128) ~[na:na]
	at java.base/java.util.concurrent.ThreadPoolExecutor$Worker.run(ThreadPoolExecutor.java:628) ~[na:na]
	at java.base/java.lang.Thread.run(Thread.java:829) ~[na:na]

2026-01-25 02:50:49.748 ERROR 33488 --- [ool-10-thread-1] c.i.v.service.IceSheetDataService        : Invalid parameters for detail statistics in request 9

java.lang.IllegalArgumentException: Ice sheet type cannot be null
	at com.icesheet.visualization.service.IceSheetDataService.getDetailStatistics(IceSheetDataService.java:78) ~[classes/:na]
	at com.icesheet.visualization.service.ConcurrentRequestTest.lambda$testConcurrentErrorHandling$3(ConcurrentRequestTest.java:250) ~[test-classes/:na]
	at java.base/java.util.concurrent.Executors$RunnableAdapter.call(Executors.java:515) ~[na:na]
	at java.base/java.util.concurrent.FutureTask.run(FutureTask.java:264) ~[na:na]
	at java.base/java.util.concurrent.ThreadPoolExecutor.runWorker(ThreadPoolExecutor.java:1128) ~[na:na]
	at java.base/java.util.concurrent.ThreadPoolExecutor$Worker.run(ThreadPoolExecutor.java:628) ~[na:na]
	at java.base/java.lang.Thread.run(Thread.java:829) ~[na:na]

2026-01-25 02:50:49.748 ERROR 33488 --- [ool-10-thread-2] c.i.v.service.StatisticsCalculator       : Calculation failed for request 24 due to concurrent access or calculation error

java.lang.IllegalArgumentException: Ice sheet type cannot be null
	at com.icesheet.visualization.service.StatisticsCalculator.calculateMassLoss(StatisticsCalculator.java:51) ~[classes/:na]
	at com.icesheet.visualization.service.ConcurrentRequestTest.lambda$testConcurrentErrorHandling$3(ConcurrentRequestTest.java:232) ~[test-classes/:na]
	at java.base/java.util.concurrent.Executors$RunnableAdapter.call(Executors.java:515) ~[na:na]
	at java.base/java.util.concurrent.FutureTask.run(FutureTask.java:264) ~[na:na]
	at java.base/java.util.concurrent.ThreadPoolExecutor.runWorker(ThreadPoolExecutor.java:1128) ~[na:na]
	at java.base/java.util.concurrent.ThreadPoolExecutor$Worker.run(ThreadPoolExecutor.java:628) ~[na:na]
	at java.base/java.lang.Thread.run(Thread.java:829) ~[na:na]

2026-01-25 02:50:49.748 ERROR 33488 --- [ool-10-thread-1] c.i.v.service.StatisticsCalculator       : Calculation failed for request 25 due to concurrent access or calculation error

java.lang.IllegalArgumentException: Ice sheet type cannot be null
	at com.icesheet.visualization.service.StatisticsCalculator.calculateMassLoss(StatisticsCalculator.java:51) ~[classes/:na]
	at com.icesheet.visualization.service.ConcurrentRequestTest.lambda$testConcurrentErrorHandling$3(ConcurrentRequestTest.java:232) ~[test-classes/:na]
	at java.base/java.util.concurrent.Executors$RunnableAdapter.call(Executors.java:515) ~[na:na]
	at java.base/java.util.concurrent.FutureTask.run(FutureTask.java:264) ~[na:na]
	at java.base/java.util.concurrent.ThreadPoolExecutor.runWorker(ThreadPoolExecutor.java:1128) ~[na:na]
	at java.base/java.util.concurrent.ThreadPoolExecutor$Worker.run(ThreadPoolExecutor.java:628) ~[na:na]
	at java.base/java.lang.Thread.run(Thread.java:829) ~[na:na]

2026-01-25 02:50:49.748 ERROR 33488 --- [ool-10-thread-2] c.i.v.service.StatisticsCalculator       : Calculation failed for request 26 due to concurrent access or calculation error

java.lang.IllegalArgumentException: Time period cannot be null
	at com.icesheet.visualization.service.StatisticsCalculator.calculateMassLoss(StatisticsCalculator.java:54) ~[classes/:na]
	at com.icesheet.visualization.service.ConcurrentRequestTest.lambda$testConcurrentErrorHandling$3(ConcurrentRequestTest.java:241) ~[test-classes/:na]
	at java.base/java.util.concurrent.Executors$RunnableAdapter.call(Executors.java:515) ~[na:na]
	at java.base/java.util.concurrent.FutureTask.run(FutureTask.java:264) ~[na:na]
	at java.base/java.util.concurrent.ThreadPoolExecutor.runWorker(ThreadPoolExecutor.java:1128) ~[na:na]
	at java.base/java.util.concurrent.ThreadPoolExecutor$Worker.run(ThreadPoolExecutor.java:628) ~[na:na]
	at java.base/java.lang.Thread.run(Thread.java:829) ~[na:na]

2026-01-25 02:50:49.748 ERROR 33488 --- [ool-10-thread-1] c.i.v.service.StatisticsCalculator       : Calculation failed for request 27 due to concurrent access or calculation error

java.lang.IllegalArgumentException: Time period cannot be null
	at com.icesheet.visualization.service.StatisticsCalculator.calculateMassLoss(StatisticsCalculator.java:54) ~[classes/:na]
	at com.icesheet.visualization.service.ConcurrentRequestTest.lambda$testConcurrentErrorHandling$3(ConcurrentRequestTest.java:241) ~[test-classes/:na]
	at java.base/java.util.concurrent.Executors$RunnableAdapter.call(Executors.java:515) ~[na:na]
	at java.base/java.util.concurrent.FutureTask.run(FutureTask.java:264) ~[na:na]
	at java.base/java.util.concurrent.ThreadPoolExecutor.runWorker(ThreadPoolExecutor.java:1128) ~[na:na]
	at java.base/java.util.concurrent.ThreadPoolExecutor$Worker.run(ThreadPoolExecutor.java:628) ~[na:na]
	at java.base/java.lang.Thread.run(Thread.java:829) ~[na:na]

2026-01-25 02:50:49.748 ERROR 33488 --- [ool-10-thread-2] c.i.v.service.IceSheetDataService        : Invalid parameters for detail statistics in request 11

java.lang.IllegalArgumentException: Ice sheet type cannot be null
	at com.icesheet.visualization.service.IceSheetDataService.getDetailStatistics(IceSheetDataService.java:78) ~[classes/:na]
	at com.icesheet.visualization.service.ConcurrentRequestTest.lambda$testConcurrentErrorHandling$3(ConcurrentRequestTest.java:250) ~[test-classes/:na]
	at java.base/java.util.concurrent.Executors$RunnableAdapter.call(Executors.java:515) ~[na:na]
	at java.base/java.util.concurrent.FutureTask.run(FutureTask.java:264) ~[na:na]
	at java.base/java.util.concurrent.ThreadPoolExecutor.runWorker(ThreadPoolExecutor.java:1128) ~[na:na]
	at java.base/java.util.concurrent.ThreadPoolExecutor$Worker.run(ThreadPoolExecutor.java:628) ~[na:na]
	at java.base/java.lang.Thread.run(Thread.java:829) ~[na:na]

2026-01-25 02:50:49.748 ERROR 33488 --- [ool-10-thread-3] c.i.v.service.StatisticsCalculator       : Calculation failed for request 14 due to concurrent access or calculation error

java.lang.IllegalArgumentException: Ice sheet type cannot be null
	at com.icesheet.visualization.service.StatisticsCalculator.calculateMassLoss(StatisticsCalculator.java:51) ~[classes/:na]
	at com.icesheet.visualization.service.ConcurrentRequestTest.lambda$testConcurrentErrorHandling$3(ConcurrentRequestTest.java:232) ~[test-classes/:na]
	at java.base/java.util.concurrent.Executors$RunnableAdapter.call(Executors.java:515) ~[na:na]
	at java.base/java.util.concurrent.FutureTask.run(FutureTask.java:264) ~[na:na]
	at java.base/java.util.concurrent.ThreadPoolExecutor.runWorker(ThreadPoolExecutor.java:1128) ~[na:na]
	at java.base/java.util.concurrent.ThreadPoolExecutor$Worker.run(ThreadPoolExecutor.java:628) ~[na:na]
	at java.base/java.lang.Thread.run(Thread.java:829) ~[na:na]

2026-01-25 02:50:49.748 ERROR 33488 --- [ool-10-thread-2] c.i.v.service.StatisticsCalculator       : Calculation failed for request 28 due to concurrent access or calculation error

java.lang.IllegalArgumentException: Ice sheet type cannot be null
	at com.icesheet.visualization.service.StatisticsCalculator.calculateMassLoss(StatisticsCalculator.java:51) ~[classes/:na]
	at com.icesheet.visualization.service.ConcurrentRequestTest.lambda$testConcurrentErrorHandling$3(ConcurrentRequestTest.java:232) ~[test-classes/:na]
	at java.base/java.util.concurrent.Executors$RunnableAdapter.call(Executors.java:515) ~[na:na]
	at java.base/java.util.concurrent.FutureTask.run(FutureTask.java:264) ~[na:na]
	at java.base/java.util.concurrent.ThreadPoolExecutor.runWorker(ThreadPoolExecutor.java:1128) ~[na:na]
	at java.base/java.util.concurrent.ThreadPoolExecutor$Worker.run(ThreadPoolExecutor.java:628) ~[na:na]
	at java.base/java.lang.Thread.run(Thread.java:829) ~[na:na]

2026-01-25 02:50:49.748 ERROR 33488 --- [ool-10-thread-1] c.i.v.service.IceSheetDataService        : Invalid parameters for detail statistics in request 12

java.lang.IllegalArgumentException: Ice sheet type cannot be null
	at com.icesheet.visualization.service.IceSheetDataService.getDetailStatistics(IceSheetDataService.java:78) ~[classes/:na]
	at com.icesheet.visualization.service.ConcurrentRequestTest.lambda$testConcurrentErrorHandling$3(ConcurrentRequestTest.java:250) ~[test-classes/:na]
	at java.base/java.util.concurrent.Executors$RunnableAdapter.call(Executors.java:515) ~[na:na]
	at java.base/java.util.concurrent.FutureTask.run(FutureTask.java:264) ~[na:na]
	at java.base/java.util.concurrent.ThreadPoolExecutor.runWorker(ThreadPoolExecutor.java:1128) ~[na:na]
	at java.base/java.util.concurrent.ThreadPoolExecutor$Worker.run(ThreadPoolExecutor.java:628) ~[na:na]
	at java.base/java.lang.Thread.run(Thread.java:829) ~[na:na]

2026-01-25 02:50:49.749 ERROR 33488 --- [ool-10-thread-3] c.i.v.service.StatisticsCalculator       : Calculation failed for request 29 due to concurrent access or calculation error

java.lang.IllegalArgumentException: Time period cannot be null
	at com.icesheet.visualization.service.StatisticsCalculator.calculateMassLoss(StatisticsCalculator.java:54) ~[classes/:na]
	at com.icesheet.visualization.service.ConcurrentRequestTest.lambda$testConcurrentErrorHandling$3(ConcurrentRequestTest.java:241) ~[test-classes/:na]
	at java.base/java.util.concurrent.Executors$RunnableAdapter.call(Executors.java:515) ~[na:na]
	at java.base/java.util.concurrent.FutureTask.run(FutureTask.java:264) ~[na:na]
	at java.base/java.util.concurrent.ThreadPoolExecutor.runWorker(ThreadPoolExecutor.java:1128) ~[na:na]
	at java.base/java.util.concurrent.ThreadPoolExecutor$Worker.run(ThreadPoolExecutor.java:628) ~[na:na]
	at java.base/java.lang.Thread.run(Thread.java:829) ~[na:na]

2026-01-25 02:50:49.749 ERROR 33488 --- [ool-10-thread-2] c.i.v.service.StatisticsCalculator       : Calculation failed for request 30 due to concurrent access or calculation error

java.lang.IllegalArgumentException: Time period cannot be null
	at com.icesheet.visualization.service.StatisticsCalculator.calculateMassLoss(StatisticsCalculator.java:54) ~[classes/:na]
	at com.icesheet.visualization.service.ConcurrentRequestTest.lambda$testConcurrentErrorHandling$3(ConcurrentRequestTest.java:241) ~[test-classes/:na]
	at java.base/java.util.concurrent.Executors$RunnableAdapter.call(Executors.java:515) ~[na:na]
	at java.base/java.util.concurrent.FutureTask.run(FutureTask.java:264) ~[na:na]
	at java.base/java.util.concurrent.ThreadPoolExecutor.runWorker(ThreadPoolExecutor.java:1128) ~[na:na]
	at java.base/java.util.concurrent.ThreadPoolExecutor$Worker.run(ThreadPoolExecutor.java:628) ~[na:na]
	at java.base/java.lang.Thread.run(Thread.java:829) ~[na:na]

2026-01-25 02:50:49.749 ERROR 33488 --- [ool-10-thread-1] c.i.v.service.StatisticsCalculator       : Calculation failed for request 31 due to concurrent access or calculation error

java.lang.IllegalArgumentException: Ice sheet type cannot be null
	at com.icesheet.visualization.service.StatisticsCalculator.calculateMassLoss(StatisticsCalculator.java:51) ~[classes/:na]
	at com.icesheet.visualization.service.ConcurrentRequestTest.lambda$testConcurrentErrorHandling$3(ConcurrentRequestTest.java:232) ~[test-classes/:na]
	at java.base/java.util.concurrent.Executors$RunnableAdapter.call(Executors.java:515) ~[na:na]
	at java.base/java.util.concurrent.FutureTask.run(FutureTask.java:264) ~[na:na]
	at java.base/java.util.concurrent.ThreadPoolExecutor.runWorker(ThreadPoolExecutor.java:1128) ~[na:na]
	at java.base/java.util.concurrent.ThreadPoolExecutor$Worker.run(ThreadPoolExecutor.java:628) ~[na:na]
	at java.base/java.lang.Thread.run(Thread.java:829) ~[na:na]

2026-01-25 02:50:49.749 ERROR 33488 --- [ool-10-thread-4] c.i.v.service.IceSheetDataService        : Invalid parameters for detail statistics in request 15

java.lang.IllegalArgumentException: Ice sheet type cannot be null
	at com.icesheet.visualization.service.IceSheetDataService.getDetailStatistics(IceSheetDataService.java:78) ~[classes/:na]
	at com.icesheet.visualization.service.ConcurrentRequestTest.lambda$testConcurrentErrorHandling$3(ConcurrentRequestTest.java:250) ~[test-classes/:na]
	at java.base/java.util.concurrent.Executors$RunnableAdapter.call(Executors.java:515) ~[na:na]
	at java.base/java.util.concurrent.FutureTask.run(FutureTask.java:264) ~[na:na]
	at java.base/java.util.concurrent.ThreadPoolExecutor.runWorker(ThreadPoolExecutor.java:1128) ~[na:na]
	at java.base/java.util.concurrent.ThreadPoolExecutor$Worker.run(ThreadPoolExecutor.java:628) ~[na:na]
	at java.base/java.lang.Thread.run(Thread.java:829) ~[na:na]

2026-01-25 02:50:49.749 ERROR 33488 --- [ool-10-thread-4] c.i.v.service.StatisticsCalculator       : Calculation failed for request 33 due to concurrent access or calculation error

java.lang.IllegalArgumentException: Ice sheet type cannot be null
	at com.icesheet.visualization.service.StatisticsCalculator.calculateMassLoss(StatisticsCalculator.java:51) ~[classes/:na]
	at com.icesheet.visualization.service.ConcurrentRequestTest.lambda$testConcurrentErrorHandling$3(ConcurrentRequestTest.java:232) ~[test-classes/:na]
	at java.base/java.util.concurrent.Executors$RunnableAdapter.call(Executors.java:515) ~[na:na]
	at java.base/java.util.concurrent.FutureTask.run(FutureTask.java:264) ~[na:na]
	at java.base/java.util.concurrent.ThreadPoolExecutor.runWorker(ThreadPoolExecutor.java:1128) ~[na:na]
	at java.base/java.util.concurrent.ThreadPoolExecutor$Worker.run(ThreadPoolExecutor.java:628) ~[na:na]
	at java.base/java.lang.Thread.run(Thread.java:829) ~[na:na]

2026-01-25 02:50:49.750 ERROR 33488 --- [ool-10-thread-4] c.i.v.service.StatisticsCalculator       : Calculation failed for request 34 due to concurrent access or calculation error

java.lang.IllegalArgumentException: Time period cannot be null
	at com.icesheet.visualization.service.StatisticsCalculator.calculateMassLoss(StatisticsCalculator.java:54) ~[classes/:na]
	at com.icesheet.visualization.service.ConcurrentRequestTest.lambda$testConcurrentErrorHandling$3(ConcurrentRequestTest.java:241) ~[test-classes/:na]
	at java.base/java.util.concurrent.Executors$RunnableAdapter.call(Executors.java:515) ~[na:na]
	at java.base/java.util.concurrent.FutureTask.run(FutureTask.java:264) ~[na:na]
	at java.base/java.util.concurrent.ThreadPoolExecutor.runWorker(ThreadPoolExecutor.java:1128) ~[na:na]
	at java.base/java.util.concurrent.ThreadPoolExecutor$Worker.run(ThreadPoolExecutor.java:628) ~[na:na]
	at java.base/java.lang.Thread.run(Thread.java:829) ~[na:na]

[...]
2026-01-25 02:50:49.881  WARN 33488 --- [ool-11-thread-8] c.i.v.service.StatisticsCalculator       : Mass loss (1.3762521691200001E9) exceeds initial size (4380000.0), result will be negative
2026-01-25 02:50:49.878  WARN 33488 --- [ool-11-thread-5] c.i.v.service.StatisticsCalculator       : Mass loss (1.3762521691200001E9) exceeds initial size (4380000.0), result will be negative
2026-01-25 02:50:49.881  WARN 33488 --- [ool-11-thread-8] c.i.v.service.StatisticsCalculator       : Mass loss (8.514153487296E8) exceeds initial size (1.4E7), result will be negative
2026-01-25 02:50:49.880  WARN 33488 --- [ol-11-thread-10] c.i.v.service.StatisticsCalculator       : Mass loss (1.3762521691200001E9) exceeds initial size (4380000.0), result will be negative
2026-01-25 02:50:49.881  WARN 33488 --- [ool-11-thread-5] c.i.v.service.StatisticsCalculator       : Mass loss (8.514153487296E8) exceeds initial size (1.4E7), result will be negative
2026-01-25 02:50:49.881  WARN 33488 --- [ool-11-thread-5] c.i.v.service.StatisticsCalculator       : Mass loss (1.37625216912E10) exceeds initial size (4380000.0), result will be negative
2026-01-25 02:50:49.881  WARN 33488 --- [ool-11-thread-5] c.i.v.service.StatisticsCalculator       : Mass loss (8.5141534872960005E9) exceeds initial size (1.4E7), result will be negative
2026-01-25 02:50:49.881  WARN 33488 --- [ool-11-thread-6] c.i.v.service.StatisticsCalculator       : Mass loss (1.37625216912E10) exceeds initial size (4380000.0), result will be negative
2026-01-25 02:50:49.881  WARN 33488 --- [ool-11-thread-8] c.i.v.service.StatisticsCalculator       : Mass loss (1.37625216912E10) exceeds initial size (4380000.0), result will be negative
2026-01-25 02:50:49.881  WARN 33488 --- [ol-11-thread-10] c.i.v.service.StatisticsCalculator       : Mass loss (8.514153487296E8) exceeds initial size (1.4E7), result will be negative
2026-01-25 02:50:49.881  WARN 33488 --- [ool-11-thread-8] c.i.v.service.StatisticsCalculator       : Mass loss (8.5141534872960005E9) exceeds initial size (1.4E7), result will be negative
2026-01-25 02:50:49.881  WARN 33488 --- [ool-11-thread-5] c.i.v.service.StatisticsCalculator       : Mass loss (1.37625216912E8) exceeds initial size (4380000.0), result will be negative
2026-01-25 02:50:49.881  WARN 33488 --- [ool-11-thread-5] c.i.v.service.StatisticsCalculator       : Mass loss (8.514153487296E10) exceeds initial size (1.4E7), result will be negative
2026-01-25 02:50:49.881  WARN 33488 --- [ool-11-thread-5] c.i.v.service.StatisticsCalculator       : Mass loss (1.3762521691200001E9) exceeds initial size (4380000.0), result will be negative
2026-01-25 02:50:49.881  WARN 33488 --- [ool-11-thread-5] c.i.v.service.StatisticsCalculator       : Mass loss (8.514153487296E8) exceeds initial size (1.4E7), result will be negative
2026-01-25 02:50:49.881  WARN 33488 --- [ool-11-thread-5] c.i.v.service.StatisticsCalculator       : Mass loss (1.37625216912E10) exceeds initial size (4380000.0), result will be negative
2026-01-25 02:50:49.881  WARN 33488 --- [ool-11-thread-6] c.i.v.service.StatisticsCalculator       : Mass loss (8.5141534872960005E9) exceeds initial size (1.4E7), result will be negative
2026-01-25 02:50:49.881  WARN 33488 --- [ol-11-thread-10] c.i.v.service.StatisticsCalculator       : Mass loss (1.37625216912E10) exceeds initial size (4380000.0), result will be negative
2026-01-25 02:50:49.881  WARN 33488 --- [ool-11-thread-8] c.i.v.service.StatisticsCalculator       : Mass loss (1.37625216912E8) exceeds initial size (4380000.0), result will be negative
2026-01-25 02:50:49.881  WARN 33488 --- [ol-11-thread-10] c.i.v.service.StatisticsCalculator       : Mass loss (8.5141534872960005E9) exceeds initial size (1.4E7), result will be negative
2026-01-25 02:50:49.881  WARN 33488 --- [ool-11-thread-5] c.i.v.service.StatisticsCalculator       : Mass loss (8.5141534872960005E9) exceeds initial size (1.4E7), result will be negative
2026-01-25 02:50:49.881  WARN 33488 --- [ol-11-thread-10] c.i.v.service.StatisticsCalculator       : Mass loss (1.37625216912E8) exceeds initial size (4380000.0), result will be negative
2026-01-25 02:50:49.881  WARN 33488 --- [ool-11-thread-6] c.i.v.service.StatisticsCalculator       : Mass loss (1.37625216912E8) exceeds initial size (4380000.0), result will be negative
2026-01-25 02:50:49.881  WARN 33488 --- [ool-11-thread-8] c.i.v.service.StatisticsCalculator       : Mass loss (8.514153487296E10) exceeds initial size (1.4E7), result will be negative
2026-01-25 02:50:49.881  WARN 33488 --- [ool-11-thread-5] c.i.v.service.StatisticsCalculator       : Mass loss (1.37625216912E8) exceeds initial size (4380000.0), result will be negative
2026-01-25 02:50:49.881  WARN 33488 --- [ol-11-thread-10] c.i.v.service.StatisticsCalculator       : Mass loss (8.514153487296E10) exceeds initial size (1.4E7), result will be negative
2026-01-25 02:50:49.881  WARN 33488 --- [ool-11-thread-8] c.i.v.service.StatisticsCalculator       : Mass loss (1.3762521691200001E9) exceeds initial size (4380000.0), result will be negative
2026-01-25 02:50:49.881  WARN 33488 --- [ool-11-thread-5] c.i.v.service.StatisticsCalculator       : Mass loss (8.514153487296E10) exceeds initial size (1.4E7), result will be negative
2026-01-25 02:50:49.881  WARN 33488 --- [ool-11-thread-6] c.i.v.service.StatisticsCalculator       : Mass loss (8.514153487296E10) exceeds initial size (1.4E7), result will be negative
2026-01-25 02:50:49.881  WARN 33488 --- [ool-11-thread-5] c.i.v.service.StatisticsCalculator       : Mass loss (1.3762521691200001E9) exceeds initial size (4380000.0), result will be negative
2026-01-25 02:50:49.881  WARN 33488 --- [ool-11-thread-6] c.i.v.service.StatisticsCalculator       : Mass loss (1.3762521691200001E9) exceeds initial size (4380000.0), result will be negative
2026-01-25 02:50:49.881  WARN 33488 --- [ool-11-thread-5] c.i.v.service.StatisticsCalculator       : Mass loss (8.514153487296E8) exceeds initial size (1.4E7), result will be negative
2026-01-25 02:50:49.881  WARN 33488 --- [ool-11-thread-6] c.i.v.service.StatisticsCalculator       : Mass loss (8.514153487296E8) exceeds initial size (1.4E7), result will be negative
2026-01-25 02:50:49.881  WARN 33488 --- [ol-11-thread-10] c.i.v.service.StatisticsCalculator       : Mass loss (1.3762521691200001E9) exceeds initial size (4380000.0), result will be negative
2026-01-25 02:50:49.881  WARN 33488 --- [ool-11-thread-6] c.i.v.service.StatisticsCalculator       : Mass loss (1.37625216912E10) exceeds initial size (4380000.0), result will be negative
2026-01-25 02:50:49.881  WARN 33488 --- [ool-11-thread-8] c.i.v.service.StatisticsCalculator       : Mass loss (8.514153487296E8) exceeds initial size (1.4E7), result will be negative
2026-01-25 02:50:49.881  WARN 33488 --- [ool-11-thread-5] c.i.v.service.StatisticsCalculator       : Mass loss (1.37625216912E10) exceeds initial size (4380000.0), result will be negative
2026-01-25 02:50:49.881  WARN 33488 --- [ol-11-thread-10] c.i.v.service.StatisticsCalculator       : Mass loss (8.514153487296E8) exceeds initial size (1.4E7), result will be negative
2026-01-25 02:50:49.882  WARN 33488 --- [ol-11-thread-10] c.i.v.service.StatisticsCalculator       : Mass loss (1.37625216912E10) exceeds initial size (4380000.0), result will be negative
2026-01-25 02:50:49.881  WARN 33488 --- [ool-11-thread-6] c.i.v.service.StatisticsCalculator       : Mass loss (8.5141534872960005E9) exceeds initial size (1.4E7), result will be negative
2026-01-25 02:50:49.882  WARN 33488 --- [ol-11-thread-10] c.i.v.service.StatisticsCalculator       : Mass loss (8.5141534872960005E9) exceeds initial size (1.4E7), result will be negative
2026-01-25 02:50:49.881  WARN 33488 --- [ool-11-thread-8] c.i.v.service.StatisticsCalculator       : Mass loss (1.37625216912E10) exceeds initial size (4380000.0), result will be negative
2026-01-25 02:50:49.882  WARN 33488 --- [ool-11-thread-6] c.i.v.service.StatisticsCalculator       : Mass loss (1.37625216912E8) exceeds initial size (4380000.0), result will be negative
2026-01-25 02:50:49.882  WARN 33488 --- [ool-11-thread-5] c.i.v.service.StatisticsCalculator       : Mass loss (8.5141534872960005E9) exceeds initial size (1.4E7), result will be negative
2026-01-25 02:50:49.882  WARN 33488 --- [ool-11-thread-6] c.i.v.service.StatisticsCalculator       : Mass loss (8.514153487296E10) exceeds initial size (1.4E7), result will be negative
2026-01-25 02:50:49.882  WARN 33488 --- [ool-11-thread-5] c.i.v.service.StatisticsCalculator       : Mass loss (1.37625216912E8) exceeds initial size (4380000.0), result will be negative
2026-01-25 02:50:49.882  WARN 33488 --- [ool-11-thread-8] c.i.v.service.StatisticsCalculator       : Mass loss (8.5141534872960005E9) exceeds initial size (1.4E7), result will be negative
2026-01-25 02:50:49.882  WARN 33488 --- [ool-11-thread-6] c.i.v.service.StatisticsCalculator       : Mass loss (1.3762521691200001E9) exceeds initial size (4380000.0), result will be negative
2026-01-25 02:50:49.882  WARN 33488 --- [ol-11-thread-10] c.i.v.service.StatisticsCalculator       : Mass loss (1.37625216912E8) exceeds initial size (4380000.0), result will be negative
2026-01-25 02:50:49.882  WARN 33488 --- [ool-11-thread-8] c.i.v.service.StatisticsCalculator       : Mass loss (1.37625216912E8) exceeds initial size (4380000.0), result will be negative
2026-01-25 02:50:49.882  WARN 33488 --- [ol-11-thread-10] c.i.v.service.StatisticsCalculator       : Mass loss (8.514153487296E10) exceeds initial size (1.4E7), result will be negative
2026-01-25 02:50:49.882  WARN 33488 --- [ool-11-thread-5] c.i.v.service.StatisticsCalculator       : Mass loss (8.514153487296E10) exceeds initial size (1.4E7), result will be negative
2026-01-25 02:50:49.882  WARN 33488 --- [ol-11-thread-10] c.i.v.service.StatisticsCalculator       : Mass loss (1.3762521691200001E9) exceeds initial size (4380000.0), result will be negative
2026-01-25 02:50:49.882  WARN 33488 --- [ool-11-thread-5] c.i.v.service.StatisticsCalculator       : Mass loss (1.3762521691200001E9) exceeds initial size (4380000.0), result will be negative
2026-01-25 02:50:49.882  WARN 33488 --- [ol-11-thread-10] c.i.v.service.StatisticsCalculator       : Mass loss (8.514153487296E8) exceeds initial size (1.4E7), result will be negative
2026-01-25 02:50:49.882  WARN 33488 --- [ool-11-thread-5] c.i.v.service.StatisticsCalculator       : Mass loss (8.514153487296E8) exceeds initial size (1.4E7), result will be negative
2026-01-25 02:50:49.882  WARN 33488 --- [ool-11-thread-6] c.i.v.service.StatisticsCalculator       : Mass loss (8.514153487296E8) exceeds initial size (1.4E7), result will be negative
2026-01-25 02:50:49.882  WARN 33488 --- [ool-11-thread-5] c.i.v.service.StatisticsCalculator       : Mass loss (1.37625216912E10) exceeds initial size (4380000.0), result will be negative
2026-01-25 02:50:49.882  WARN 33488 --- [ool-11-thread-8] c.i.v.service.StatisticsCalculator       : Mass loss (8.514153487296E10) exceeds initial size (1.4E7), result will be negative
2026-01-25 02:50:49.882  WARN 33488 --- [ol-11-thread-10] c.i.v.service.StatisticsCalculator       : Mass loss (1.37625216912E10) exceeds initial size (4380000.0), result will be negative
2026-01-25 02:50:49.882  WARN 33488 --- [ool-11-thread-6] c.i.v.service.StatisticsCalculator       : Mass loss (1.37625216912E10) exceeds initial size (4380000.0), result will be negative
2026-01-25 02:50:49.882  WARN 33488 --- [ool-11-thread-8] c.i.v.service.StatisticsCalculator       : Mass loss (1.3762521691200001E9) exceeds initial size (4380000.0), result will be negative
2026-01-25 02:50:49.882  WARN 33488 --- [ol-11-thread-10] c.i.v.service.StatisticsCalculator       : Mass loss (8.5141534872960005E9) exceeds initial size (1.4E7), result will be negative
2026-01-25 02:50:49.882  WARN 33488 --- [ool-11-thread-6] c.i.v.service.StatisticsCalculator       : Mass loss (8.5141534872960005E9) exceeds initial size (1.4E7), result will be negative
2026-01-25 02:50:49.882  WARN 33488 --- [ool-11-thread-8] c.i.v.service.StatisticsCalculator       : Mass loss (8.514153487296E8) exceeds initial size (1.4E7), result will be negative
2026-01-25 02:50:49.882  WARN 33488 --- [ol-11-thread-10] c.i.v.service.StatisticsCalculator       : Mass loss (1.37625216912E8) exceeds initial size (4380000.0), result will be negative
2026-01-25 02:50:49.882  WARN 33488 --- [ool-11-thread-5] c.i.v.service.StatisticsCalculator       : Mass loss (8.5141534872960005E9) exceeds initial size (1.4E7), result will be negative
2026-01-25 02:50:49.882  WARN 33488 --- [ol-11-thread-10] c.i.v.service.StatisticsCalculator       : Mass loss (8.514153487296E10) exceeds initial size (1.4E7), result will be negative
2026-01-25 02:50:49.882  WARN 33488 --- [ool-11-thread-5] c.i.v.service.StatisticsCalculator       : Mass loss (1.37625216912E8) exceeds initial size (4380000.0), result will be negative
2026-01-25 02:50:49.882  WARN 33488 --- [ol-11-thread-10] c.i.v.service.StatisticsCalculator       : Mass loss (1.3762521691200001E9) exceeds initial size (4380000.0), result will be negative
2026-01-25 02:50:49.882  WARN 33488 --- [ool-11-thread-5] c.i.v.service.StatisticsCalculator       : Mass loss (8.514153487296E10) exceeds initial size (1.4E7), result will be negative
2026-01-25 02:50:49.882  WARN 33488 --- [ol-11-thread-10] c.i.v.service.StatisticsCalculator       : Mass loss (8.514153487296E8) exceeds initial size (1.4E7), result will be negative
2026-01-25 02:50:49.882  WARN 33488 --- [ool-11-thread-5] c.i.v.service.StatisticsCalculator       : Mass loss (1.3762521691200001E9) exceeds initial size (4380000.0), result will be negative
2026-01-25 02:50:49.882  WARN 33488 --- [ol-11-thread-10] c.i.v.service.StatisticsCalculator       : Mass loss (1.37625216912E10) exceeds initial size (4380000.0), result will be negative
2026-01-25 02:50:49.882  WARN 33488 --- [ool-11-thread-5] c.i.v.service.StatisticsCalculator       : Mass loss (8.514153487296E8) exceeds initial size (1.4E7), result will be negative
2026-01-25 02:50:49.882  WARN 33488 --- [ool-11-thread-5] c.i.v.service.StatisticsCalculator       : Mass loss (1.37625216912E10) exceeds initial size (4380000.0), result will be negative
2026-01-25 02:50:49.882  WARN 33488 --- [ool-11-thread-6] c.i.v.service.StatisticsCalculator       : Mass loss (1.37625216912E8) exceeds initial size (4380000.0), result will be negative
2026-01-25 02:50:49.882  WARN 33488 --- [ool-11-thread-5] c.i.v.service.StatisticsCalculator       : Mass loss (8.5141534872960005E9) exceeds initial size (1.4E7), result will be negative
2026-01-25 02:50:49.882  WARN 33488 --- [ool-11-thread-8] c.i.v.service.StatisticsCalculator       : Mass loss (1.37625216912E10) exceeds initial size (4380000.0), result will be negative
2026-01-25 02:50:49.882  WARN 33488 --- [ool-11-thread-5] c.i.v.service.StatisticsCalculator       : Mass loss (1.37625216912E8) exceeds initial size (4380000.0), result will be negative
2026-01-25 02:50:49.882  WARN 33488 --- [ool-11-thread-6] c.i.v.service.StatisticsCalculator       : Mass loss (8.514153487296E10) exceeds initial size (1.4E7), result will be negative
2026-01-25 02:50:49.882  WARN 33488 --- [ool-11-thread-5] c.i.v.service.StatisticsCalculator       : Mass loss (8.514153487296E10) exceeds initial size (1.4E7), result will be negative
2026-01-25 02:50:49.882  WARN 33488 --- [ool-11-thread-8] c.i.v.service.StatisticsCalculator       : Mass loss (8.5141534872960005E9) exceeds initial size (1.4E7), result will be negative
2026-01-25 02:50:49.882  WARN 33488 --- [ool-11-thread-5] c.i.v.service.StatisticsCalculator       : Mass loss (1.3762521691200001E9) exceeds initial size (4380000.0), result will be negative
2026-01-25 02:50:49.882  WARN 33488 --- [ool-11-thread-8] c.i.v.service.StatisticsCalculator       : Mass loss (1.37625216912E8) exceeds initial size (4380000.0), result will be negative
2026-01-25 02:50:49.882  WARN 33488 --- [ool-11-thread-5] c.i.v.service.StatisticsCalculator       : Mass loss (8.514153487296E8) exceeds initial size (1.4E7), result will be negative
2026-01-25 02:50:49.882  WARN 33488 --- [ool-11-thread-8] c.i.v.service.StatisticsCalculator       : Mass loss (8.514153487296E10) exceeds initial size (1.4E7), result will be negative
2026-01-25 02:50:49.882  WARN 33488 --- [ool-11-thread-5] c.i.v.service.StatisticsCalculator       : Mass loss (1.37625216912E10) exceeds initial size (4380000.0), result will be negative
2026-01-25 02:50:49.882  WARN 33488 --- [ool-11-thread-6] c.i.v.service.StatisticsCalculator       : Mass loss (1.3762521691200001E9) exceeds initial size (4380000.0), result will be negative
2026-01-25 02:50:49.882  WARN 33488 --- [ool-11-thread-5] c.i.v.service.StatisticsCalculator       : Mass loss (8.5141534872960005E9) exceeds initial size (1.4E7), result will be negative
2026-01-25 02:50:49.882  WARN 33488 --- [ool-11-thread-8] c.i.v.service.StatisticsCalculator       : Mass loss (1.3762521691200001E9) exceeds initial size (4380000.0), result will be negative
2026-01-25 02:50:49.882  WARN 33488 --- [ool-11-thread-5] c.i.v.service.StatisticsCalculator       : Mass loss (1.37625216912E8) exceeds initial size (4380000.0), result will be negative
2026-01-25 02:50:49.882  WARN 33488 --- [ool-11-thread-6] c.i.v.service.StatisticsCalculator       : Mass loss (8.514153487296E8) exceeds initial size (1.4E7), result will be negative
2026-01-25 02:50:49.882  WARN 33488 --- [ool-11-thread-8] c.i.v.service.StatisticsCalculator       : Mass loss (8.514153487296E8) exceeds initial size (1.4E7), result will be negative
2026-01-25 02:50:49.882  WARN 33488 --- [ool-11-thread-6] c.i.v.service.StatisticsCalculator       : Mass loss (1.37625216912E10) exceeds initial size (4380000.0), result will be negative
2026-01-25 02:50:49.882  WARN 33488 --- [ool-11-thread-5] c.i.v.service.StatisticsCalculator       : Mass loss (8.514153487296E10) exceeds initial size (1.4E7), result will be negative
2026-01-25 02:50:49.882  WARN 33488 --- [ool-11-thread-6] c.i.v.service.StatisticsCalculator       : Mass loss (8.5141534872960005E9) exceeds initial size (1.4E7), result will be negative
2026-01-25 02:50:49.882  WARN 33488 --- [ool-11-thread-8] c.i.v.service.StatisticsCalculator       : Mass loss (1.37625216912E10) exceeds initial size (4380000.0), result will be negative
2026-01-25 02:50:49.883  WARN 33488 --- [ool-11-thread-5] c.i.v.service.StatisticsCalculator       : Mass loss (1.3762521691200001E9) exceeds initial size (4380000.0), result will be negative
2026-01-25 02:50:49.883  WARN 33488 --- [ool-11-thread-6] c.i.v.service.StatisticsCalculator       : Mass loss (1.37625216912E8) exceeds initial size (4380000.0), result will be negative
2026-01-25 02:50:49.883  WARN 33488 --- [ool-11-thread-5] c.i.v.service.StatisticsCalculator       : Mass loss (8.514153487296E8) exceeds initial size (1.4E7), result will be negative
2026-01-25 02:50:49.883  WARN 33488 --- [ool-11-thread-6] c.i.v.service.StatisticsCalculator       : Mass loss (8.514153487296E10) exceeds initial size (1.4E7), result will be negative
2026-01-25 02:50:49.883  WARN 33488 --- [ool-11-thread-5] c.i.v.service.StatisticsCalculator       : Mass loss (1.37625216912E10) exceeds initial size (4380000.0), result will be negative
2026-01-25 02:50:49.883  WARN 33488 --- [ool-11-thread-6] c.i.v.service.StatisticsCalculator       : Mass loss (1.3762521691200001E9) exceeds initial size (4380000.0), result will be negative
2026-01-25 02:50:49.883  WARN 33488 --- [ool-11-thread-6] c.i.v.service.StatisticsCalculator       : Mass loss (8.514153487296E8) exceeds initial size (1.4E7), result will be negative
2026-01-25 02:50:49.883  WARN 33488 --- [ool-11-thread-6] c.i.v.service.StatisticsCalculator       : Mass loss (1.37625216912E10) exceeds initial size (4380000.0), result will be negative
]]></system-out>
  </testcase>
</testsuite>